TN:
SF:src/config.ts
FN:21,(anonymous_0)
FN:21,(anonymous_1)
FN:22,(anonymous_2)
FN:22,(anonymous_3)
FN:23,(anonymous_4)
FN:23,(anonymous_5)
FN:24,(anonymous_6)
FN:24,(anonymous_7)
FN:24,(anonymous_8)
FN:25,(anonymous_9)
FN:26,(anonymous_10)
FNF:11
FNH:0
FNDA:0,(anonymous_0)
FNDA:0,(anonymous_1)
FNDA:0,(anonymous_2)
FNDA:0,(anonymous_3)
FNDA:0,(anonymous_4)
FNDA:0,(anonymous_5)
FNDA:0,(anonymous_6)
FNDA:0,(anonymous_7)
FNDA:0,(anonymous_8)
FNDA:0,(anonymous_9)
FNDA:0,(anonymous_10)
DA:21,0
DA:22,0
DA:23,0
DA:24,0
DA:25,0
DA:26,0
LF:6
LH:0
BRF:0
BRH:0
end_of_record
TN:
SF:src/download-specific.ts
FN:45,(anonymous_9)
FN:49,(anonymous_10)
FNF:2
FNH:0
FNDA:0,(anonymous_9)
FNDA:0,(anonymous_10)
DA:24,0
DA:25,0
DA:27,0
DA:28,0
DA:29,0
DA:30,0
DA:31,0
DA:32,0
DA:33,0
DA:34,0
DA:35,0
DA:36,0
DA:39,0
DA:40,0
DA:45,0
DA:46,0
DA:49,0
DA:50,0
DA:51,0
LF:19
LH:0
BRDA:46,0,0,0
BRDA:46,0,1,0
BRF:2
BRH:0
end_of_record
TN:
SF:src/index.ts
FN:29,bootstrap
FN:79,(anonymous_1)
FN:142,(anonymous_2)
FN:146,(anonymous_3)
FN:179,(anonymous_4)
FNF:5
FNH:0
FNDA:0,bootstrap
FNDA:0,(anonymous_1)
FNDA:0,(anonymous_2)
FNDA:0,(anonymous_3)
FNDA:0,(anonymous_4)
DA:2,0
DA:3,0
DA:4,0
DA:5,0
DA:6,0
DA:7,0
DA:8,0
DA:9,0
DA:10,0
DA:11,0
DA:12,0
DA:13,0
DA:14,0
DA:17,0
DA:31,0
DA:32,0
DA:35,0
DA:36,0
DA:39,0
DA:40,0
DA:41,0
DA:48,0
DA:54,0
DA:62,0
DA:63,0
DA:64,0
DA:65,0
DA:67,0
DA:71,0
DA:72,0
DA:73,0
DA:75,0
DA:76,0
DA:77,0
DA:78,0
DA:79,0
DA:80,0
DA:82,0
DA:83,0
DA:85,0
DA:89,0
DA:92,0
DA:93,0
DA:94,0
DA:95,0
DA:97,0
DA:100,0
DA:101,0
DA:105,0
DA:108,0
DA:110,0
DA:116,0
DA:117,0
DA:118,0
DA:119,0
DA:121,0
DA:122,0
DA:124,0
DA:125,0
DA:126,0
DA:127,0
DA:129,0
DA:132,0
DA:138,0
DA:139,0
DA:142,0
DA:144,0
DA:145,0
DA:146,0
DA:149,0
DA:150,0
DA:151,0
DA:153,0
DA:154,0
DA:155,0
DA:157,0
DA:158,0
DA:159,0
DA:162,0
DA:164,0
DA:165,0
DA:166,0
DA:168,0
DA:169,0
DA:170,0
DA:172,0
DA:173,0
DA:176,0
DA:177,0
DA:179,0
DA:180,0
DA:181,0
DA:182,0
DA:183,0
DA:185,0
DA:186,0
DA:189,0
DA:190,0
DA:192,0
DA:195,0
DA:199,0
LF:101
LH:0
BRDA:39,0,0,0
BRDA:39,0,1,0
BRDA:54,1,0,0
BRDA:55,2,0,0
BRDA:55,2,1,0
BRDA:55,2,2,0
BRDA:55,2,3,0
BRDA:55,2,4,0
BRDA:55,2,5,0
BRDA:63,3,0,0
BRDA:65,4,0,0
BRDA:65,4,1,0
BRDA:72,5,0,0
BRDA:75,6,0,0
BRDA:77,7,0,0
BRDA:82,8,0,0
BRDA:92,9,0,0
BRDA:92,9,1,0
BRDA:93,10,0,0
BRDA:93,10,1,0
BRDA:94,11,0,0
BRDA:100,12,0,0
BRDA:106,13,0,0
BRDA:106,13,1,0
BRDA:106,14,0,0
BRDA:106,14,1,0
BRDA:117,15,0,0
BRDA:117,15,1,0
BRDA:138,16,0,0
BRDA:144,17,0,0
BRDA:144,18,0,0
BRDA:144,18,1,0
BRDA:162,19,0,0
BRDA:162,19,1,0
BRDA:164,20,0,0
BRDA:164,21,0,0
BRDA:164,21,1,0
BRDA:165,22,0,0
BRDA:165,23,0,0
BRDA:165,23,1,0
BRDA:169,24,0,0
BRDA:182,25,0,0
BRDA:193,26,0,0
BRDA:193,26,1,0
BRDA:193,27,0,0
BRDA:193,27,1,0
BRF:46
BRH:0
end_of_record
TN:
SF:src/logger.ts
FN:21,(anonymous_0)
FN:25,(anonymous_1)
FN:34,(anonymous_2)
FN:38,(anonymous_3)
FN:42,(anonymous_4)
FN:46,(anonymous_5)
FN:50,(anonymous_6)
FNF:7
FNH:5
FNDA:0,(anonymous_0)
FNDA:0,(anonymous_1)
FNDA:27,(anonymous_2)
FNDA:133,(anonymous_3)
FNDA:59,(anonymous_4)
FNDA:14,(anonymous_5)
FNDA:233,(anonymous_6)
DA:1,19
DA:2,19
DA:11,19
DA:18,19
DA:19,19
DA:22,0
DA:26,0
DA:28,0
DA:29,0
DA:30,0
DA:35,27
DA:39,133
DA:43,59
DA:47,14
DA:51,233
DA:52,27
DA:55,206
DA:56,206
DA:57,206
DA:60,206
DA:62,0
DA:63,0
DA:65,133
DA:66,133
DA:68,59
DA:69,59
DA:71,14
DA:72,14
DA:74,0
DA:78,206
DA:79,0
DA:80,0
DA:83,0
DA:89,19
LF:34
LH:23
BRDA:29,0,0,0
BRDA:51,1,0,27
BRDA:56,2,0,113
BRDA:56,2,1,93
BRDA:60,3,0,0
BRDA:60,3,1,133
BRDA:60,3,2,59
BRDA:60,3,3,14
BRDA:60,3,4,0
BRDA:78,4,0,0
BRF:10
BRH:6
end_of_record
TN:
SF:src/pixiv-token-getter-adapter.ts
FN:17,checkPixivTokenGetterAvailable
FN:19,(anonymous_10)
FN:39,convertTokenInfoToLoginInfo
FN:107,loginWithPixivTokenGetterInteractive
FN:125,(anonymous_13)
FN:128,(anonymous_14)
FN:146,loginWithPixivTokenGetterHeadless
FNF:7
FNH:0
FNDA:0,checkPixivTokenGetterAvailable
FNDA:0,(anonymous_10)
FNDA:0,convertTokenInfoToLoginInfo
FNDA:0,loginWithPixivTokenGetterInteractive
FNDA:0,(anonymous_13)
FNDA:0,(anonymous_14)
FNDA:0,loginWithPixivTokenGetterHeadless
DA:10,0
DA:17,0
DA:18,0
DA:19,0
DA:20,0
DA:22,0
DA:23,0
DA:25,0
DA:26,0
DA:28,0
DA:31,0
DA:42,0
DA:45,0
DA:64,0
DA:65,0
DA:69,0
DA:70,0
DA:72,0
DA:73,0
DA:75,0
DA:76,0
DA:78,0
DA:79,0
DA:81,0
DA:82,0
DA:85,0
DA:94,0
DA:107,0
DA:110,0
DA:111,0
DA:112,0
DA:113,0
DA:117,0
DA:118,0
DA:119,0
DA:122,0
DA:126,0
DA:129,0
DA:133,0
DA:134,0
DA:135,0
DA:137,0
DA:138,0
DA:146,0
DA:151,0
DA:152,0
DA:155,0
DA:156,0
DA:158,0
DA:159,0
DA:163,0
DA:164,0
DA:165,0
DA:168,0
DA:174,0
DA:175,0
DA:176,0
DA:178,0
DA:181,0
DA:182,0
DA:184,0
DA:185,0
DA:186,0
DA:187,0
DA:188,0
DA:189,0
DA:190,0
DA:191,0
DA:192,0
DA:193,0
DA:196,0
LF:71
LH:0
BRDA:22,0,0,0
BRDA:22,0,1,0
BRDA:25,1,0,0
BRDA:25,1,1,0
BRDA:25,2,0,0
BRDA:25,2,1,0
BRDA:46,3,0,0
BRDA:46,3,1,0
BRDA:47,4,0,0
BRDA:47,4,1,0
BRDA:48,5,0,0
BRDA:48,5,1,0
BRDA:64,6,0,0
BRDA:69,7,0,0
BRDA:72,8,0,0
BRDA:75,9,0,0
BRDA:78,10,0,0
BRDA:81,11,0,0
BRDA:89,12,0,0
BRDA:89,12,1,0
BRDA:90,13,0,0
BRDA:90,13,1,0
BRDA:117,14,0,0
BRDA:117,15,0,0
BRDA:117,15,1,0
BRDA:155,16,0,0
BRDA:155,17,0,0
BRDA:155,17,1,0
BRDA:158,18,0,0
BRDA:158,19,0,0
BRDA:158,19,1,0
BRDA:163,20,0,0
BRDA:163,21,0,0
BRDA:163,21,1,0
BRDA:181,22,0,0
BRDA:181,22,1,0
BRDA:184,23,0,0
BRDA:184,23,1,0
BRDA:184,24,0,0
BRDA:184,24,1,0
BRDA:189,25,0,0
BRDA:189,26,0,0
BRDA:189,26,1,0
BRF:43
BRH:0
end_of_record
TN:
SF:src/puppeteer-login-adapter.ts
FN:33,(anonymous_0)
FN:33,(anonymous_1)
FN:33,(anonymous_2)
FNF:3
FNH:0
FNDA:0,(anonymous_0)
FNDA:0,(anonymous_1)
FNDA:0,(anonymous_2)
DA:27,0
DA:28,0
DA:29,0
DA:33,0
LF:4
LH:0
BRF:0
BRH:0
end_of_record
TN:
SF:src/python-login-adapter.ts
FN:32,(anonymous_0)
FN:32,(anonymous_1)
FN:44,loginWithGpptInteractive
FN:99,loginWithGpptHeadless
FNF:4
FNH:0
FNDA:0,(anonymous_0)
FNDA:0,(anonymous_1)
FNDA:0,loginWithGpptInteractive
FNDA:0,loginWithGpptHeadless
DA:26,0
DA:27,0
DA:28,0
DA:29,0
DA:32,0
DA:44,0
DA:45,0
DA:46,0
DA:47,0
DA:48,0
DA:49,0
DA:50,0
DA:53,0
DA:54,0
DA:55,0
DA:56,0
DA:60,0
DA:63,0
DA:66,0
DA:67,0
DA:68,0
DA:69,0
DA:70,0
DA:75,0
DA:76,0
DA:79,0
DA:80,0
DA:83,0
DA:84,0
DA:86,0
DA:87,0
DA:99,0
DA:104,0
DA:105,0
DA:108,0
DA:109,0
DA:110,0
DA:111,0
DA:114,0
DA:115,0
DA:116,0
DA:117,0
DA:119,0
DA:120,0
DA:121,0
DA:122,0
DA:123,0
DA:124,0
DA:126,0
DA:127,0
DA:128,0
DA:129,0
DA:130,0
DA:135,0
DA:136,0
DA:138,0
DA:139,0
DA:144,0
DA:145,0
DA:148,0
DA:149,0
DA:152,0
DA:153,0
DA:154,0
DA:155,0
DA:156,0
DA:157,0
DA:159,0
DA:165,0
DA:166,0
DA:169,0
DA:170,0
DA:172,0
DA:173,0
DA:182,0
DA:183,0
DA:186,0
DA:187,0
DA:194,0
DA:197,0
DA:198,0
DA:199,0
DA:202,0
DA:203,0
DA:206,0
DA:207,0
DA:208,0
DA:211,0
DA:212,0
DA:213,0
DA:216,0
DA:218,0
DA:219,0
DA:226,0
DA:229,0
DA:231,0
DA:232,0
DA:235,0
DA:236,0
DA:239,0
DA:240,0
DA:241,0
DA:243,0
LF:103
LH:0
BRDA:54,0,0,0
BRDA:54,1,0,0
BRDA:54,1,1,0
BRDA:66,2,0,0
BRDA:69,3,0,0
BRDA:69,4,0,0
BRDA:69,4,1,0
BRDA:75,5,0,0
BRDA:76,6,0,0
BRDA:76,6,1,0
BRDA:79,7,0,0
BRDA:79,8,0,0
BRDA:79,8,1,0
BRDA:109,9,0,0
BRDA:109,9,1,0
BRDA:109,10,0,0
BRDA:109,10,1,0
BRDA:114,11,0,0
BRDA:114,11,1,0
BRDA:115,12,0,0
BRDA:115,12,1,0
BRDA:116,13,0,0
BRDA:116,13,1,0
BRDA:117,14,0,0
BRDA:117,14,1,0
BRDA:117,14,2,0
BRDA:119,15,0,0
BRDA:119,15,1,0
BRDA:121,16,0,0
BRDA:122,17,0,0
BRDA:123,18,0,0
BRDA:135,19,0,0
BRDA:135,20,0,0
BRDA:135,20,1,0
BRDA:138,21,0,0
BRDA:138,22,0,0
BRDA:138,22,1,0
BRDA:152,23,0,0
BRDA:155,24,0,0
BRDA:156,25,0,0
BRDA:156,25,1,0
BRDA:165,26,0,0
BRDA:166,27,0,0
BRDA:166,27,1,0
BRDA:166,27,2,0
BRDA:172,28,0,0
BRDA:172,28,1,0
BRDA:172,29,0,0
BRDA:172,29,1,0
BRDA:182,30,0,0
BRDA:182,30,1,0
BRDA:186,31,0,0
BRDA:186,32,0,0
BRDA:186,32,1,0
BRDA:197,33,0,0
BRDA:197,34,0,0
BRDA:197,34,1,0
BRDA:198,35,0,0
BRDA:198,35,1,0
BRDA:206,36,0,0
BRDA:206,37,0,0
BRDA:206,37,1,0
BRDA:206,37,2,0
BRDA:207,38,0,0
BRDA:207,38,1,0
BRDA:212,39,0,0
BRDA:212,39,1,0
BRDA:218,40,0,0
BRDA:218,41,0,0
BRDA:218,41,1,0
BRDA:231,42,0,0
BRDA:231,42,1,0
BRDA:235,43,0,0
BRDA:235,43,1,0
BRF:74
BRH:0
end_of_record
TN:
SF:src/random-download.ts
FN:17,randomDownload
FNF:1
FNH:0
FNDA:0,randomDownload
DA:1,0
DA:2,0
DA:3,0
DA:4,0
DA:5,0
DA:6,0
DA:7,0
DA:10,0
DA:18,0
DA:19,0
DA:20,0
DA:23,0
DA:24,0
DA:27,0
DA:39,0
DA:40,0
DA:42,0
DA:43,0
DA:44,0
DA:45,0
DA:47,0
DA:48,0
DA:49,0
DA:50,0
DA:52,0
DA:53,0
DA:55,0
DA:58,0
DA:62,0
LF:29
LH:0
BRDA:56,0,0,0
BRDA:56,0,1,0
BRDA:56,1,0,0
BRDA:56,1,1,0
BRF:4
BRH:0
end_of_record
TN:
SF:src/setup-wizard.ts
FN:16,(anonymous_9)
FN:23,(anonymous_10)
FN:24,(anonymous_11)
FN:25,(anonymous_12)
FN:31,(anonymous_13)
FN:69,(anonymous_14)
FN:176,(anonymous_15)
FN:198,(anonymous_16)
FNF:8
FNH:0
FNDA:0,(anonymous_9)
FNDA:0,(anonymous_10)
FNDA:0,(anonymous_11)
FNDA:0,(anonymous_12)
FNDA:0,(anonymous_13)
FNDA:0,(anonymous_14)
FNDA:0,(anonymous_15)
FNDA:0,(anonymous_16)
DA:2,0
DA:3,0
DA:4,0
DA:7,0
DA:9,0
DA:10,0
DA:11,0
DA:17,0
DA:24,0
DA:25,0
DA:26,0
DA:32,0
DA:33,0
DA:34,0
DA:35,0
DA:36,0
DA:37,0
DA:38,0
DA:40,0
DA:42,0
DA:44,0
DA:45,0
DA:46,0
DA:48,0
DA:49,0
DA:53,0
DA:54,0
DA:56,0
DA:59,0
DA:60,0
DA:61,0
DA:62,0
DA:64,0
DA:65,0
DA:70,0
DA:71,0
DA:72,0
DA:74,0
DA:76,0
DA:77,0
DA:78,0
DA:80,0
DA:81,0
DA:83,0
DA:84,0
DA:85,0
DA:86,0
DA:88,0
DA:89,0
DA:90,0
DA:92,0
DA:93,0
DA:94,0
DA:95,0
DA:97,0
DA:98,0
DA:99,0
DA:102,0
DA:103,0
DA:107,0
DA:114,0
DA:115,0
DA:116,0
DA:119,0
DA:120,0
DA:121,0
DA:129,0
DA:130,0
DA:131,0
DA:133,0
DA:134,0
DA:135,0
DA:136,0
DA:138,0
DA:139,0
DA:140,0
DA:142,0
DA:143,0
DA:146,0
DA:173,0
DA:178,0
DA:179,0
DA:180,0
DA:184,0
DA:185,0
DA:189,0
DA:190,0
DA:191,0
DA:194,0
DA:195,0
DA:199,0
DA:200,0
DA:201,0
DA:202,0
DA:203,0
DA:204,0
DA:205,0
DA:206,0
DA:208,0
DA:209,0
DA:211,0
DA:213,0
DA:214,0
DA:215,0
DA:217,0
DA:218,0
DA:220,0
DA:221,0
DA:222,0
DA:223,0
DA:224,0
DA:225,0
DA:226,0
DA:227,0
DA:229,0
DA:230,0
DA:232,0
DA:233,0
DA:234,0
DA:235,0
DA:241,0
DA:242,0
LF:122
LH:0
BRDA:42,0,0,0
BRDA:45,1,0,0
BRDA:64,2,0,0
BRDA:64,2,1,0
BRDA:97,3,0,0
BRDA:108,4,0,0
BRDA:108,4,1,0
BRDA:110,5,0,0
BRDA:110,5,1,0
BRDA:111,6,0,0
BRDA:111,6,1,0
BRDA:119,7,0,0
BRDA:138,8,0,0
BRDA:140,9,0,0
BRDA:143,10,0,0
BRDA:160,11,0,0
BRDA:160,11,1,0
BRDA:161,12,0,0
BRDA:161,12,1,0
BRDA:162,13,0,0
BRDA:162,13,1,0
BRDA:163,14,0,0
BRDA:163,14,1,0
BRDA:179,15,0,0
BRDA:184,16,0,0
BRDA:184,17,0,0
BRDA:184,17,1,0
BRDA:190,18,0,0
BRDA:233,19,0,0
BRDA:233,19,1,0
BRF:30
BRH:0
end_of_record
TN:
SF:src/terminal-login.ts
FN:24,(anonymous_0)
FN:30,(anonymous_1)
FN:31,(anonymous_2)
FN:32,(anonymous_3)
FN:33,(anonymous_4)
FNF:5
FNH:0
FNDA:0,(anonymous_0)
FNDA:0,(anonymous_1)
FNDA:0,(anonymous_2)
FNDA:0,(anonymous_3)
FNDA:0,(anonymous_4)
DA:24,0
DA:30,0
DA:31,0
DA:32,0
DA:33,0
LF:5
LH:0
BRF:0
BRH:0
end_of_record
TN:
SF:src/cli/ArgumentParser.ts
FN:23,(anonymous_0)
FN:77,(anonymous_1)
FN:91,(anonymous_2)
FN:110,(anonymous_3)
FNF:4
FNH:0
FNDA:0,(anonymous_0)
FNDA:0,(anonymous_1)
FNDA:0,(anonymous_2)
FNDA:0,(anonymous_3)
DA:17,0
DA:24,0
DA:29,0
DA:30,0
DA:33,0
DA:34,0
DA:35,0
DA:38,0
DA:39,0
DA:40,0
DA:42,0
DA:46,0
DA:47,0
DA:48,0
DA:51,0
DA:52,0
DA:53,0
DA:55,0
DA:60,0
DA:61,0
DA:63,0
DA:68,0
DA:81,0
DA:96,0
DA:97,0
DA:98,0
DA:100,0
DA:115,0
DA:116,0
DA:117,0
DA:119,0
DA:120,0
DA:122,0
DA:123,0
DA:125,0
LF:35
LH:0
BRDA:33,0,0,0
BRDA:33,0,1,0
BRDA:38,1,0,0
BRDA:38,1,1,0
BRDA:38,2,0,0
BRDA:38,2,1,0
BRDA:46,3,0,0
BRDA:46,3,1,0
BRDA:51,4,0,0
BRDA:51,4,1,0
BRDA:51,5,0,0
BRDA:51,5,1,0
BRDA:60,6,0,0
BRDA:60,6,1,0
BRDA:81,7,0,0
BRDA:81,7,1,0
BRDA:97,8,0,0
BRDA:113,9,0,0
BRDA:116,10,0,0
BRDA:119,11,0,0
BRDA:122,12,0,0
BRDA:123,13,0,0
BRDA:123,13,1,0
BRF:23
BRH:0
end_of_record
TN:
SF:src/cli/InteractivePrompt.ts
FN:16,(anonymous_9)
FN:17,(anonymous_10)
FN:34,(anonymous_11)
FN:88,(anonymous_12)
FN:94,(anonymous_13)
FN:97,(anonymous_14)
FN:111,(anonymous_15)
FN:117,(anonymous_16)
FN:118,(anonymous_17)
FN:131,(anonymous_18)
FN:140,(anonymous_19)
FN:141,(anonymous_20)
FNF:12
FNH:0
FNDA:0,(anonymous_9)
FNDA:0,(anonymous_10)
FNDA:0,(anonymous_11)
FNDA:0,(anonymous_12)
FNDA:0,(anonymous_13)
FNDA:0,(anonymous_14)
FNDA:0,(anonymous_15)
FNDA:0,(anonymous_16)
FNDA:0,(anonymous_17)
FNDA:0,(anonymous_18)
FNDA:0,(anonymous_19)
FNDA:0,(anonymous_20)
DA:5,0
DA:10,0
DA:17,0
DA:18,0
DA:19,0
DA:22,0
DA:25,0
DA:26,0
DA:28,0
DA:29,0
DA:31,0
DA:32,0
DA:34,0
DA:35,0
DA:38,0
DA:39,0
DA:40,0
DA:41,0
DA:42,0
DA:44,0
DA:45,0
DA:46,0
DA:50,0
DA:51,0
DA:52,0
DA:53,0
DA:55,0
DA:59,0
DA:60,0
DA:61,0
DA:62,0
DA:63,0
DA:65,0
DA:66,0
DA:67,0
DA:71,0
DA:72,0
DA:76,0
DA:77,0
DA:80,0
DA:89,0
DA:94,0
DA:95,0
DA:97,0
DA:98,0
DA:100,0
DA:101,0
DA:112,0
DA:117,0
DA:118,0
DA:119,0
DA:120,0
DA:132,0
DA:137,0
DA:138,0
DA:140,0
DA:141,0
DA:142,0
DA:143,0
DA:145,0
DA:146,0
DA:147,0
DA:148,0
DA:149,0
DA:150,0
DA:153,0
LF:66
LH:0
BRDA:22,0,0,0
BRDA:22,0,1,0
BRDA:25,1,0,0
BRDA:38,2,0,0
BRDA:38,3,0,0
BRDA:38,3,1,0
BRDA:41,4,0,0
BRDA:50,5,0,0
BRDA:50,6,0,0
BRDA:50,6,1,0
BRDA:51,7,0,0
BRDA:59,8,0,0
BRDA:62,9,0,0
BRDA:71,10,0,0
BRDA:131,11,0,0
BRDA:137,12,0,0
BRDA:137,12,1,0
BRDA:145,13,0,0
BRDA:145,13,1,0
BRDA:147,14,0,0
BRDA:147,14,1,0
BRDA:147,15,0,0
BRDA:147,15,1,0
BRDA:149,16,0,0
BRDA:149,16,1,0
BRDA:149,17,0,0
BRDA:149,17,1,0
BRF:27
BRH:0
end_of_record
TN:
SF:src/commands/Command.ts
FN:58,(anonymous_0)
FN:62,(anonymous_1)
FN:69,(anonymous_2)
FN:76,(anonymous_3)
FN:84,(anonymous_4)
FNF:5
FNH:4
FNDA:3,(anonymous_0)
FNDA:0,(anonymous_1)
FNDA:8,(anonymous_2)
FNDA:3,(anonymous_3)
FNDA:9,(anonymous_4)
DA:51,3
DA:59,3
DA:63,0
DA:70,8
DA:77,3
DA:78,3
DA:85,9
DA:86,2
DA:88,7
DA:89,7
DA:91,0
LF:11
LH:9
BRDA:77,0,0,0
BRDA:77,0,1,3
BRDA:85,1,0,2
BRDA:88,2,0,7
BRF:4
BRH:3
end_of_record
TN:
SF:src/commands/CommandRegistry.ts
FN:18,(anonymous_0)
FN:37,(anonymous_1)
FN:48,(anonymous_2)
FN:57,(anonymous_3)
FN:65,(anonymous_4)
FN:84,(anonymous_5)
FN:95,(anonymous_6)
FN:134,(anonymous_7)
FN:141,(anonymous_8)
FNF:9
FNH:9
FNDA:24,(anonymous_0)
FNDA:1,(anonymous_1)
FNDA:14,(anonymous_2)
FNDA:2,(anonymous_3)
FNDA:9,(anonymous_4)
FNDA:10,(anonymous_5)
FNDA:6,(anonymous_6)
FNDA:7,(anonymous_7)
FNDA:1,(anonymous_8)
DA:11,1
DA:12,23
DA:20,24
DA:23,24
DA:24,17
DA:25,33
DA:26,1
DA:28,32
DA:38,1
DA:39,2
DA:49,14
DA:58,2
DA:66,9
DA:67,9
DA:69,9
DA:70,25
DA:71,11
DA:72,11
DA:76,9
DA:85,10
DA:100,6
DA:101,6
DA:102,1
DA:109,5
DA:110,5
DA:111,5
DA:112,1
DA:120,4
DA:121,4
DA:123,1
DA:135,7
DA:142,1
DA:149,1
LF:33
LH:33
BRDA:23,0,0,17
BRDA:25,1,0,1
BRDA:70,2,0,11
BRDA:101,3,0,1
BRDA:109,4,0,5
BRDA:111,5,0,1
BRDA:125,6,0,1
BRDA:125,6,1,0
BRF:8
BRH:7
end_of_record
TN:
SF:src/commands/DownloadCommand.ts
FN:23,(anonymous_0)
FN:63,(anonymous_1)
FN:70,(anonymous_2)
FN:71,(anonymous_3)
FN:107,(anonymous_4)
FNF:5
FNH:0
FNDA:0,(anonymous_0)
FNDA:0,(anonymous_1)
FNDA:0,(anonymous_2)
FNDA:0,(anonymous_3)
FNDA:0,(anonymous_4)
DA:5,0
DA:7,0
DA:8,0
DA:9,0
DA:10,0
DA:11,0
DA:12,0
DA:13,0
DA:18,0
DA:19,0
DA:20,0
DA:21,0
DA:24,0
DA:25,0
DA:26,0
DA:27,0
DA:30,0
DA:31,0
DA:32,0
DA:33,0
DA:35,0
DA:36,0
DA:37,0
DA:39,0
DA:40,0
DA:43,0
DA:46,0
DA:51,0
DA:53,0
DA:56,0
DA:61,0
DA:62,0
DA:63,0
DA:66,0
DA:67,0
DA:70,0
DA:71,0
DA:72,0
DA:75,0
DA:76,0
DA:77,0
DA:78,0
DA:80,0
DA:82,0
DA:83,0
DA:84,0
DA:86,0
DA:87,0
DA:88,0
DA:90,0
DA:91,0
DA:92,0
DA:95,0
DA:97,0
DA:100,0
DA:108,0
LF:56
LH:0
BRDA:25,0,0,0
BRDA:25,0,1,0
BRDA:30,1,0,0
BRDA:30,1,1,0
BRDA:31,2,0,0
BRDA:35,3,0,0
BRDA:35,3,1,0
BRDA:37,4,0,0
BRDA:37,5,0,0
BRDA:37,5,1,0
BRDA:39,6,0,0
BRDA:39,6,1,0
BRDA:39,7,0,0
BRDA:39,7,1,0
BRDA:46,8,0,0
BRDA:46,8,1,0
BRDA:48,9,0,0
BRDA:48,9,1,0
BRDA:48,10,0,0
BRDA:48,10,1,0
BRDA:54,11,0,0
BRDA:54,11,1,0
BRDA:61,12,0,0
BRDA:61,13,0,0
BRDA:61,13,1,0
BRDA:98,14,0,0
BRDA:98,14,1,0
BRDA:98,15,0,0
BRDA:98,15,1,0
BRDA:101,16,0,0
BRDA:101,16,1,0
BRF:31
BRH:0
end_of_record
TN:
SF:src/commands/HelpCommand.ts
FN:17,(anonymous_0)
FN:21,(anonymous_1)
FN:26,(anonymous_2)
FNF:3
FNH:3
FNDA:8,(anonymous_0)
FNDA:2,(anonymous_1)
FNDA:2,(anonymous_2)
DA:5,1
DA:12,1
DA:13,8
DA:14,8
DA:15,8
DA:17,8
DA:18,8
DA:22,2
DA:23,2
DA:27,2
LF:10
LH:10
BRF:0
BRH:0
end_of_record
TN:
SF:src/commands/LoginCommand.ts
FN:14,outputLoginResult
FN:39,(anonymous_10)
FN:99,(anonymous_11)
FNF:3
FNH:0
FNDA:0,outputLoginResult
FNDA:0,(anonymous_10)
FNDA:0,(anonymous_11)
DA:5,0
DA:6,0
DA:8,0
DA:9,0
DA:15,0
DA:16,0
DA:18,0
DA:19,0
DA:20,0
DA:21,0
DA:22,0
DA:23,0
DA:34,0
DA:35,0
DA:36,0
DA:37,0
DA:40,0
DA:41,0
DA:42,0
DA:43,0
DA:45,0
DA:47,0
DA:51,0
DA:53,0
DA:55,0
DA:56,0
DA:57,0
DA:58,0
DA:61,0
DA:67,0
DA:74,0
DA:78,0
DA:79,0
DA:80,0
DA:81,0
DA:85,0
DA:86,0
DA:90,0
DA:91,0
DA:93,0
DA:94,0
DA:95,0
DA:100,0
LF:43
LH:0
BRDA:14,0,0,0
BRDA:15,1,0,0
BRDA:15,1,1,0
BRDA:16,2,0,0
BRDA:16,2,1,0
BRDA:22,3,0,0
BRDA:40,4,0,0
BRDA:40,4,1,0
BRDA:41,5,0,0
BRDA:41,5,1,0
BRDA:42,6,0,0
BRDA:42,6,1,0
BRDA:43,7,0,0
BRDA:43,7,1,0
BRDA:47,8,0,0
BRDA:47,8,1,0
BRDA:53,9,0,0
BRDA:63,10,0,0
BRDA:63,10,1,0
BRDA:64,11,0,0
BRDA:64,11,1,0
BRDA:69,12,0,0
BRDA:69,12,1,0
BRDA:70,13,0,0
BRDA:70,13,1,0
BRDA:74,14,0,0
BRDA:74,14,1,0
BRDA:74,14,2,0
BRDA:80,15,0,0
BRDA:85,16,0,0
BRDA:93,17,0,0
BRDA:93,17,1,0
BRF:32
BRH:0
end_of_record
TN:
SF:src/commands/LoginHeadlessCommand.ts
FN:14,outputLoginResult
FN:36,(anonymous_10)
FN:54,(anonymous_11)
FN:106,(anonymous_12)
FNF:4
FNH:0
FNDA:0,outputLoginResult
FNDA:0,(anonymous_10)
FNDA:0,(anonymous_11)
FNDA:0,(anonymous_12)
DA:5,0
DA:6,0
DA:8,0
DA:9,0
DA:15,0
DA:16,0
DA:18,0
DA:19,0
DA:20,0
DA:21,0
DA:22,0
DA:23,0
DA:31,0
DA:32,0
DA:33,0
DA:34,0
DA:37,0
DA:38,0
DA:39,0
DA:41,0
DA:42,0
DA:44,0
DA:45,0
DA:48,0
DA:55,0
DA:56,0
DA:57,0
DA:58,0
DA:59,0
DA:62,0
DA:63,0
DA:64,0
DA:65,0
DA:67,0
DA:68,0
DA:74,0
DA:81,0
DA:85,0
DA:86,0
DA:87,0
DA:88,0
DA:92,0
DA:93,0
DA:97,0
DA:98,0
DA:100,0
DA:101,0
DA:102,0
DA:107,0
LF:49
LH:0
BRDA:14,0,0,0
BRDA:15,1,0,0
BRDA:15,1,1,0
BRDA:16,2,0,0
BRDA:16,2,1,0
BRDA:22,3,0,0
BRDA:38,4,0,0
BRDA:38,4,1,0
BRDA:39,5,0,0
BRDA:39,5,1,0
BRDA:41,6,0,0
BRDA:44,7,0,0
BRDA:56,8,0,0
BRDA:62,9,0,0
BRDA:62,9,1,0
BRDA:63,10,0,0
BRDA:63,10,1,0
BRDA:64,11,0,0
BRDA:64,11,1,0
BRDA:65,12,0,0
BRDA:65,12,1,0
BRDA:81,13,0,0
BRDA:81,13,1,0
BRDA:81,13,2,0
BRDA:87,14,0,0
BRDA:92,15,0,0
BRDA:100,16,0,0
BRDA:100,16,1,0
BRF:28
BRH:0
end_of_record
TN:
SF:src/commands/MigrateConfigCommand.ts
FN:18,(anonymous_0)
FN:40,(anonymous_1)
FN:58,(anonymous_2)
FN:75,(anonymous_3)
FNF:4
FNH:0
FNDA:0,(anonymous_0)
FNDA:0,(anonymous_1)
FNDA:0,(anonymous_2)
FNDA:0,(anonymous_3)
DA:5,0
DA:7,0
DA:8,0
DA:13,0
DA:14,0
DA:15,0
DA:16,0
DA:19,0
DA:20,0
DA:21,0
DA:22,0
DA:23,0
DA:25,0
DA:26,0
DA:27,0
DA:28,0
DA:32,0
DA:33,0
DA:35,0
DA:36,0
DA:38,0
DA:39,0
DA:40,0
DA:41,0
DA:42,0
DA:43,0
DA:44,0
DA:47,0
DA:48,0
DA:49,0
DA:50,0
DA:53,0
DA:56,0
DA:57,0
DA:58,0
DA:59,0
DA:64,0
DA:65,0
DA:69,0
DA:70,0
DA:71,0
DA:76,0
LF:42
LH:0
BRDA:20,0,0,0
BRDA:20,0,1,0
BRDA:22,1,0,0
BRDA:22,1,1,0
BRDA:23,2,0,0
BRDA:23,2,1,0
BRDA:25,3,0,0
BRDA:27,4,0,0
BRDA:35,5,0,0
BRDA:35,5,1,0
BRDA:38,6,0,0
BRDA:38,6,1,0
BRDA:47,7,0,0
BRDA:47,7,1,0
BRDA:49,8,0,0
BRDA:56,9,0,0
BRDA:65,10,0,0
BRDA:65,10,1,0
BRDA:69,11,0,0
BRDA:69,11,1,0
BRF:20
BRH:0
end_of_record
TN:
SF:src/commands/NormalizeCommand.ts
FN:20,(anonymous_0)
FN:81,(anonymous_1)
FN:109,(anonymous_2)
FNF:3
FNH:0
FNDA:0,(anonymous_0)
FNDA:0,(anonymous_1)
FNDA:0,(anonymous_2)
DA:5,0
DA:7,0
DA:8,0
DA:9,0
DA:10,0
DA:15,0
DA:16,0
DA:17,0
DA:18,0
DA:21,0
DA:22,0
DA:23,0
DA:24,0
DA:25,0
DA:27,0
DA:28,0
DA:29,0
DA:30,0
DA:31,0
DA:32,0
DA:34,0
DA:35,0
DA:36,0
DA:37,0
DA:39,0
DA:40,0
DA:41,0
DA:42,0
DA:46,0
DA:47,0
DA:49,0
DA:50,0
DA:57,0
DA:65,0
DA:66,0
DA:68,0
DA:69,0
DA:71,0
DA:72,0
DA:73,0
DA:74,0
DA:75,0
DA:76,0
DA:77,0
DA:79,0
DA:80,0
DA:81,0
DA:82,0
DA:86,0
DA:87,0
DA:91,0
DA:92,0
DA:96,0
DA:97,0
DA:98,0
DA:103,0
DA:104,0
DA:105,0
DA:110,0
LF:59
LH:0
BRDA:23,0,0,0
BRDA:23,0,1,0
BRDA:27,1,0,0
BRDA:27,1,1,0
BRDA:28,2,0,0
BRDA:28,2,1,0
BRDA:29,3,0,0
BRDA:29,3,1,0
BRDA:30,4,0,0
BRDA:30,4,1,0
BRDA:31,5,0,0
BRDA:31,5,1,0
BRDA:32,6,0,0
BRDA:32,6,1,0
BRDA:34,7,0,0
BRDA:36,8,0,0
BRDA:68,9,0,0
BRDA:68,9,1,0
BRDA:79,10,0,0
BRDA:86,11,0,0
BRDA:92,12,0,0
BRDA:92,12,1,0
BRDA:96,13,0,0
BRDA:103,14,0,0
BRDA:103,14,1,0
BRF:25
BRH:0
end_of_record
TN:
SF:src/commands/RandomDownloadCommand.ts
FN:41,(anonymous_0)
FN:140,(anonymous_1)
FN:141,(anonymous_2)
FN:168,(anonymous_3)
FNF:4
FNH:0
FNDA:0,(anonymous_0)
FNDA:0,(anonymous_1)
FNDA:0,(anonymous_2)
FNDA:0,(anonymous_3)
DA:5,0
DA:7,0
DA:8,0
DA:9,0
DA:10,0
DA:11,0
DA:12,0
DA:13,0
DA:14,0
DA:17,0
DA:25,0
DA:36,0
DA:37,0
DA:38,0
DA:39,0
DA:42,0
DA:43,0
DA:44,0
DA:45,0
DA:46,0
DA:50,0
DA:51,0
DA:52,0
DA:54,0
DA:55,0
DA:56,0
DA:57,0
DA:58,0
DA:59,0
DA:60,0
DA:61,0
DA:62,0
DA:63,0
DA:67,0
DA:72,0
DA:73,0
DA:74,0
DA:75,0
DA:77,0
DA:82,0
DA:83,0
DA:84,0
DA:85,0
DA:94,0
DA:95,0
DA:99,0
DA:101,0
DA:102,0
DA:103,0
DA:105,0
DA:119,0
DA:120,0
DA:121,0
DA:123,0
DA:136,0
DA:137,0
DA:140,0
DA:141,0
DA:142,0
DA:145,0
DA:146,0
DA:147,0
DA:148,0
DA:150,0
DA:151,0
DA:152,0
DA:153,0
DA:156,0
DA:158,0
DA:161,0
DA:169,0
LF:71
LH:0
BRDA:43,0,0,0
BRDA:43,0,1,0
BRDA:44,1,0,0
BRDA:44,1,1,0
BRDA:45,2,0,0
BRDA:45,2,1,0
BRDA:46,3,0,0
BRDA:46,3,1,0
BRDA:51,4,0,0
BRDA:51,4,1,0
BRDA:52,5,0,0
BRDA:52,5,1,0
BRDA:55,6,0,0
BRDA:55,6,1,0
BRDA:57,7,0,0
BRDA:57,7,1,0
BRDA:59,8,0,0
BRDA:59,8,1,0
BRDA:60,9,0,0
BRDA:60,9,1,0
BRDA:62,10,0,0
BRDA:72,11,0,0
BRDA:72,11,1,0
BRDA:72,11,2,0
BRDA:72,11,3,0
BRDA:73,12,0,0
BRDA:73,12,1,0
BRDA:74,13,0,0
BRDA:74,14,0,0
BRDA:74,14,1,0
BRDA:77,15,0,0
BRDA:77,15,1,0
BRDA:77,16,0,0
BRDA:77,16,1,0
BRDA:99,17,0,0
BRDA:99,17,1,0
BRDA:159,18,0,0
BRDA:159,18,1,0
BRDA:159,19,0,0
BRDA:159,19,1,0
BRDA:162,20,0,0
BRDA:162,20,1,0
BRF:42
BRH:0
end_of_record
TN:
SF:src/commands/RefreshCommand.ts
FN:12,outputLoginResult
FN:34,(anonymous_1)
FN:48,(anonymous_2)
FN:80,(anonymous_3)
FNF:4
FNH:4
FNDA:3,outputLoginResult
FNDA:9,(anonymous_1)
FNDA:6,(anonymous_2)
FNDA:1,(anonymous_3)
DA:5,1
DA:7,1
DA:13,3
DA:14,1
DA:16,2
DA:17,2
DA:18,2
DA:19,2
DA:20,2
DA:21,2
DA:29,1
DA:30,16
DA:31,16
DA:32,16
DA:35,9
DA:36,9
DA:38,9
DA:39,2
DA:42,9
DA:49,6
DA:50,6
DA:51,1
DA:52,1
DA:53,1
DA:56,5
DA:57,5
DA:59,5
DA:60,5
DA:61,3
DA:62,3
DA:64,2
DA:65,2
DA:67,2
DA:68,2
DA:69,2
DA:70,0
DA:72,2
DA:74,0
DA:76,2
DA:81,1
LF:40
LH:38
BRDA:12,0,0,0
BRDA:13,1,0,1
BRDA:13,1,1,2
BRDA:14,2,0,1
BRDA:14,2,1,1
BRDA:20,3,0,2
BRDA:36,4,0,9
BRDA:36,4,1,4
BRDA:38,5,0,2
BRDA:50,6,0,1
BRDA:56,7,0,5
BRDA:56,7,1,4
BRDA:57,8,0,5
BRDA:57,8,1,1
BRDA:64,9,0,2
BRDA:64,9,1,0
BRDA:65,10,0,2
BRDA:65,10,1,0
BRDA:67,11,0,2
BRDA:67,11,1,0
BRDA:69,12,0,0
BRDA:69,13,0,2
BRDA:69,13,1,2
BRF:23
BRH:18
end_of_record
TN:
SF:src/commands/SchedulerCommand.ts
FN:24,(anonymous_0)
FN:50,(anonymous_1)
FN:54,(anonymous_2)
FN:73,(anonymous_3)
FN:101,(anonymous_4)
FNF:5
FNH:0
FNDA:0,(anonymous_0)
FNDA:0,(anonymous_1)
FNDA:0,(anonymous_2)
FNDA:0,(anonymous_3)
FNDA:0,(anonymous_4)
DA:5,0
DA:7,0
DA:8,0
DA:9,0
DA:10,0
DA:11,0
DA:12,0
DA:13,0
DA:14,0
DA:19,0
DA:20,0
DA:21,0
DA:22,0
DA:25,0
DA:26,0
DA:27,0
DA:29,0
DA:30,0
DA:32,0
DA:33,0
DA:34,0
DA:35,0
DA:37,0
DA:40,0
DA:46,0
DA:47,0
DA:50,0
DA:52,0
DA:53,0
DA:54,0
DA:57,0
DA:58,0
DA:59,0
DA:61,0
DA:62,0
DA:63,0
DA:65,0
DA:66,0
DA:67,0
DA:70,0
DA:71,0
DA:73,0
DA:74,0
DA:75,0
DA:76,0
DA:77,0
DA:79,0
DA:80,0
DA:83,0
DA:84,0
DA:87,0
DA:91,0
DA:94,0
DA:102,0
LF:54
LH:0
BRDA:46,0,0,0
BRDA:52,1,0,0
BRDA:52,2,0,0
BRDA:52,2,1,0
BRDA:76,3,0,0
BRDA:92,4,0,0
BRDA:92,4,1,0
BRDA:92,5,0,0
BRDA:92,5,1,0
BRDA:95,6,0,0
BRDA:95,6,1,0
BRF:11
BRH:0
end_of_record
TN:
SF:src/commands/index.ts
FN:35,(anonymous_0)
FN:36,(anonymous_1)
FN:37,(anonymous_2)
FN:38,(anonymous_3)
FN:39,(anonymous_4)
FN:40,(anonymous_5)
FN:41,(anonymous_6)
FN:42,(anonymous_7)
FN:43,(anonymous_8)
FN:19,registerAllCommands
FNF:10
FNH:0
FNDA:0,(anonymous_0)
FNDA:0,(anonymous_1)
FNDA:0,(anonymous_2)
FNDA:0,(anonymous_3)
FNDA:0,(anonymous_4)
FNDA:0,(anonymous_5)
FNDA:0,(anonymous_6)
FNDA:0,(anonymous_7)
FNDA:0,(anonymous_8)
FNDA:0,registerAllCommands
DA:6,0
DA:7,0
DA:8,0
DA:9,0
DA:10,0
DA:11,0
DA:12,0
DA:13,0
DA:14,0
DA:19,0
DA:20,0
DA:21,0
DA:22,0
DA:23,0
DA:24,0
DA:25,0
DA:26,0
DA:27,0
DA:28,0
DA:35,0
DA:36,0
DA:37,0
DA:38,0
DA:39,0
DA:40,0
DA:41,0
DA:42,0
DA:43,0
LF:28
LH:0
BRF:0
BRH:0
end_of_record
TN:
SF:src/config/defaults.ts
FN:38,generateDefaultConfig
FNF:1
FNH:0
FNDA:0,generateDefaultConfig
DA:7,0
DA:38,0
DA:39,0
LF:3
LH:0
BRF:0
BRH:0
end_of_record
TN:
SF:src/config/environment.ts
FN:13,applyEnvironmentOverrides
FN:158,isRunningInDocker
FN:190,adjustProxyForEnvironment
FNF:3
FNH:0
FNDA:0,applyEnvironmentOverrides
FNDA:0,isRunningInDocker
FNDA:0,adjustProxyForEnvironment
DA:5,0
DA:6,0
DA:8,0
DA:13,0
DA:14,0
DA:17,0
DA:18,0
DA:19,0
DA:27,0
DA:30,0
DA:31,0
DA:32,0
DA:40,0
DA:43,0
DA:44,0
DA:45,0
DA:53,0
DA:58,0
DA:59,0
DA:60,0
DA:62,0
DA:64,0
DA:65,0
DA:66,0
DA:68,0
DA:70,0
DA:71,0
DA:72,0
DA:74,0
DA:76,0
DA:77,0
DA:78,0
DA:80,0
DA:84,0
DA:85,0
DA:86,0
DA:87,0
DA:92,0
DA:93,0
DA:94,0
DA:99,0
DA:105,0
DA:109,0
DA:110,0
DA:111,0
DA:112,0
DA:115,0
DA:116,0
DA:117,0
DA:118,0
DA:119,0
DA:120,0
DA:121,0
DA:123,0
DA:126,0
DA:127,0
DA:130,0
DA:139,0
DA:145,0
DA:152,0
DA:158,0
DA:160,0
DA:161,0
DA:165,0
DA:166,0
DA:167,0
DA:168,0
DA:169,0
DA:177,0
DA:182,0
DA:190,0
DA:191,0
DA:192,0
DA:194,0
DA:195,0
DA:198,0
DA:199,0
DA:202,0
DA:203,0
DA:204,0
DA:211,0
DA:212,0
DA:213,0
DA:220,0
LF:84
LH:0
BRDA:17,0,0,0
BRDA:18,1,0,0
BRDA:18,1,1,0
BRDA:30,2,0,0
BRDA:31,3,0,0
BRDA:31,3,1,0
BRDA:43,4,0,0
BRDA:44,5,0,0
BRDA:44,5,1,0
BRDA:58,6,0,0
BRDA:59,7,0,0
BRDA:64,8,0,0
BRDA:65,9,0,0
BRDA:70,10,0,0
BRDA:71,11,0,0
BRDA:76,12,0,0
BRDA:77,13,0,0
BRDA:84,14,0,0
BRDA:86,15,0,0
BRDA:92,16,0,0
BRDA:93,17,0,0
BRDA:93,17,1,0
BRDA:105,18,0,0
BRDA:105,18,1,0
BRDA:105,18,2,0
BRDA:105,18,3,0
BRDA:105,18,4,0
BRDA:105,18,5,0
BRDA:109,19,0,0
BRDA:109,20,0,0
BRDA:109,20,1,0
BRDA:116,21,0,0
BRDA:116,21,1,0
BRDA:116,22,0,0
BRDA:116,22,1,0
BRDA:118,23,0,0
BRDA:118,23,1,0
BRDA:120,24,0,0
BRDA:120,24,1,0
BRDA:126,25,0,0
BRDA:133,26,0,0
BRDA:133,26,1,0
BRDA:133,27,0,0
BRDA:133,27,1,0
BRDA:135,28,0,0
BRDA:135,28,1,0
BRDA:136,29,0,0
BRDA:136,29,1,0
BRDA:147,30,0,0
BRDA:147,30,1,0
BRDA:160,31,0,0
BRDA:166,32,0,0
BRDA:168,33,0,0
BRDA:168,34,0,0
BRDA:168,34,1,0
BRDA:177,35,0,0
BRDA:177,36,0,0
BRDA:177,36,1,0
BRDA:194,37,0,0
BRDA:194,38,0,0
BRDA:194,38,1,0
BRDA:202,39,0,0
BRDA:202,39,1,0
BRDA:202,40,0,0
BRDA:202,40,1,0
BRDA:202,40,2,0
BRDA:211,41,0,0
BRDA:211,42,0,0
BRDA:211,42,1,0
BRF:69
BRH:0
end_of_record
TN:
SF:src/config/loader.ts
FN:23,getConfigPath
FN:51,loadConfig
FN:116,(anonymous_2)
FNF:3
FNH:0
FNDA:0,getConfigPath
FNDA:0,loadConfig
FNDA:0,(anonymous_2)
DA:5,0
DA:6,0
DA:7,0
DA:8,0
DA:9,0
DA:10,0
DA:11,0
DA:13,0
DA:14,0
DA:15,0
DA:16,0
DA:17,0
DA:23,0
DA:25,0
DA:26,0
DA:32,0
DA:33,0
DA:34,0
DA:35,0
DA:36,0
DA:39,0
DA:45,0
DA:51,0
DA:52,0
DA:55,0
DA:56,0
DA:57,0
DA:58,0
DA:59,0
DA:60,0
DA:61,0
DA:62,0
DA:65,0
DA:66,0
DA:67,0
DA:68,0
DA:69,0
DA:70,0
DA:74,0
DA:83,0
DA:84,0
DA:86,0
DA:93,0
DA:94,0
DA:96,0
DA:104,0
DA:107,0
DA:112,0
DA:113,0
DA:114,0
DA:115,0
DA:116,0
DA:125,0
DA:126,0
DA:127,0
DA:128,0
DA:130,0
DA:138,0
DA:141,0
DA:142,0
DA:150,0
DA:152,0
DA:153,0
DA:156,0
DA:158,0
DA:167,0
DA:169,0
DA:171,0
DA:172,0
DA:173,0
DA:174,0
DA:178,0
DA:179,0
DA:180,0
DA:181,0
DA:182,0
DA:183,0
DA:186,0
DA:192,0
DA:194,0
DA:197,0
DA:198,0
DA:203,0
DA:206,0
LF:84
LH:0
BRDA:25,0,0,0
BRDA:25,1,0,0
BRDA:25,1,1,0
BRDA:27,2,0,0
BRDA:27,2,1,0
BRDA:27,2,2,0
BRDA:35,3,0,0
BRDA:40,4,0,0
BRDA:40,4,1,0
BRDA:55,5,0,0
BRDA:59,6,0,0
BRDA:59,6,1,0
BRDA:87,7,0,0
BRDA:87,7,1,0
BRDA:88,8,0,0
BRDA:88,8,1,0
BRDA:97,9,0,0
BRDA:97,9,1,0
BRDA:99,10,0,0
BRDA:99,10,1,0
BRDA:114,11,0,0
BRDA:114,12,0,0
BRDA:114,12,1,0
BRDA:131,13,0,0
BRDA:131,13,1,0
BRDA:141,14,0,0
BRDA:150,15,0,0
BRDA:150,15,1,0
BRDA:150,16,0,0
BRDA:150,16,1,0
BRDA:169,17,0,0
BRDA:169,17,1,0
BRDA:172,18,0,0
BRDA:172,18,1,0
BRDA:180,19,0,0
BRDA:180,19,1,0
BRDA:187,20,0,0
BRDA:187,20,1,0
BRDA:194,21,0,0
BRF:39
BRH:0
end_of_record
TN:
SF:src/config/path-resolution.ts
FN:15,normalizeRelativePath
FN:27,fixAbsolutePathDuplication
FN:45,resolveStoragePaths
FN:108,applyDefaults
FNF:4
FNH:0
FNDA:0,normalizeRelativePath
FNDA:0,fixAbsolutePathDuplication
FNDA:0,resolveStoragePaths
FNDA:0,applyDefaults
DA:5,0
DA:6,0
DA:8,0
DA:17,0
DA:19,0
DA:20,0
DA:28,0
DA:30,0
DA:32,0
DA:33,0
DA:37,0
DA:39,0
DA:49,0
DA:50,0
DA:51,0
DA:55,0
DA:56,0
DA:58,0
DA:59,0
DA:60,0
DA:68,0
DA:73,0
DA:74,0
DA:75,0
DA:77,0
DA:78,0
DA:81,0
DA:85,0
DA:86,0
DA:87,0
DA:89,0
DA:90,0
DA:93,0
DA:98,0
DA:108,0
DA:109,0
DA:110,0
DA:136,0
DA:138,0
LF:39
LH:0
BRDA:30,0,0,0
BRDA:55,1,0,0
BRDA:55,2,0,0
BRDA:55,2,1,0
BRDA:58,3,0,0
BRDA:68,4,0,0
BRDA:68,4,1,0
BRDA:73,5,0,0
BRDA:73,5,1,0
BRDA:75,6,0,0
BRDA:75,6,1,0
BRDA:85,7,0,0
BRDA:85,7,1,0
BRDA:87,8,0,0
BRDA:87,8,1,0
BRDA:98,9,0,0
BRDA:98,9,1,0
BRDA:109,10,0,0
BRDA:109,10,1,0
BRDA:112,11,0,0
BRDA:112,11,1,0
BRDA:130,12,0,0
BRDA:130,12,1,0
BRF:23
BRH:0
end_of_record
TN:
SF:src/config/placeholders.ts
FN:20,processConfigPlaceholders
FNF:1
FNH:0
FNDA:0,processConfigPlaceholders
DA:13,0
DA:15,0
DA:20,0
DA:21,0
DA:23,0
DA:25,0
DA:26,0
DA:27,0
DA:28,0
DA:32,0
DA:33,0
DA:34,0
DA:35,0
DA:36,0
DA:37,0
DA:38,0
DA:43,0
DA:44,0
DA:45,0
DA:46,0
DA:47,0
DA:48,0
DA:49,0
DA:50,0
DA:51,0
DA:53,0
DA:54,0
DA:55,0
DA:56,0
DA:57,0
DA:58,0
DA:59,0
DA:60,0
DA:61,0
DA:64,0
DA:65,0
DA:67,0
DA:68,0
DA:70,0
DA:75,0
LF:40
LH:0
BRDA:25,0,0,0
BRDA:32,1,0,0
BRDA:33,2,0,0
BRDA:33,2,1,0
BRDA:36,3,0,0
BRDA:43,4,0,0
BRDA:45,5,0,0
BRDA:45,5,1,0
BRDA:48,6,0,0
BRDA:48,6,1,0
BRDA:51,7,0,0
BRDA:54,8,0,0
BRDA:54,8,1,0
BRDA:56,9,0,0
BRDA:56,9,1,0
BRDA:58,10,0,0
BRDA:60,11,0,0
BRDA:60,12,0,0
BRDA:60,12,1,0
BRDA:67,13,0,0
BRDA:67,14,0,0
BRDA:67,14,1,0
BRDA:67,14,2,0
BRF:23
BRH:0
end_of_record
TN:
SF:src/config/validation.ts
FN:16,(anonymous_1)
FN:32,validateConfig
FN:82,(anonymous_3)
FN:177,(anonymous_4)
FN:186,validateConfigFile
FNF:5
FNH:0
FNDA:0,(anonymous_1)
FNDA:0,validateConfig
FNDA:0,(anonymous_3)
FNDA:0,(anonymous_4)
FNDA:0,validateConfigFile
DA:5,0
DA:6,0
DA:7,0
DA:8,0
DA:10,0
DA:15,0
DA:18,0
DA:19,0
DA:21,0
DA:22,0
DA:32,0
DA:33,0
DA:34,0
DA:37,0
DA:38,0
DA:40,0
DA:41,0
DA:43,0
DA:44,0
DA:46,0
DA:47,0
DA:52,0
DA:53,0
DA:55,0
DA:57,0
DA:58,0
DA:60,0
DA:63,0
DA:65,0
DA:67,0
DA:71,0
DA:72,0
DA:77,0
DA:78,0
DA:79,0
DA:80,0
DA:82,0
DA:84,0
DA:85,0
DA:87,0
DA:88,0
DA:90,0
DA:91,0
DA:93,0
DA:94,0
DA:96,0
DA:97,0
DA:99,0
DA:100,0
DA:106,0
DA:107,0
DA:108,0
DA:110,0
DA:111,0
DA:113,0
DA:114,0
DA:115,0
DA:117,0
DA:118,0
DA:120,0
DA:121,0
DA:127,0
DA:128,0
DA:129,0
DA:131,0
DA:132,0
DA:134,0
DA:135,0
DA:137,0
DA:138,0
DA:140,0
DA:141,0
DA:143,0
DA:144,0
DA:149,0
DA:150,0
DA:151,0
DA:153,0
DA:154,0
DA:156,0
DA:158,0
DA:160,0
DA:161,0
DA:166,0
DA:167,0
DA:171,0
DA:172,0
DA:176,0
DA:177,0
DA:178,0
DA:179,0
DA:186,0
DA:187,0
DA:188,0
DA:189,0
DA:191,0
DA:192,0
DA:198,0
LF:98
LH:0
BRDA:19,0,0,0
BRDA:37,1,0,0
BRDA:37,1,1,0
BRDA:40,2,0,0
BRDA:40,3,0,0
BRDA:40,3,1,0
BRDA:43,4,0,0
BRDA:43,5,0,0
BRDA:43,5,1,0
BRDA:46,6,0,0
BRDA:46,7,0,0
BRDA:46,7,1,0
BRDA:55,8,0,0
BRDA:55,8,1,0
BRDA:55,9,0,0
BRDA:55,9,1,0
BRDA:58,10,0,0
BRDA:58,10,1,0
BRDA:65,11,0,0
BRDA:71,12,0,0
BRDA:71,13,0,0
BRDA:71,13,1,0
BRDA:77,14,0,0
BRDA:77,14,1,0
BRDA:79,15,0,0
BRDA:79,15,1,0
BRDA:84,16,0,0
BRDA:84,17,0,0
BRDA:84,17,1,0
BRDA:84,17,2,0
BRDA:84,17,3,0
BRDA:84,17,4,0
BRDA:87,18,0,0
BRDA:87,19,0,0
BRDA:87,19,1,0
BRDA:90,20,0,0
BRDA:90,21,0,0
BRDA:90,21,1,0
BRDA:90,21,2,0
BRDA:93,22,0,0
BRDA:93,23,0,0
BRDA:93,23,1,0
BRDA:96,24,0,0
BRDA:96,25,0,0
BRDA:96,25,1,0
BRDA:99,26,0,0
BRDA:99,27,0,0
BRDA:99,27,1,0
BRDA:99,27,2,0
BRDA:106,28,0,0
BRDA:107,29,0,0
BRDA:107,30,0,0
BRDA:107,30,1,0
BRDA:107,30,2,0
BRDA:110,31,0,0
BRDA:110,32,0,0
BRDA:110,32,1,0
BRDA:110,32,2,0
BRDA:113,33,0,0
BRDA:114,34,0,0
BRDA:114,35,0,0
BRDA:114,35,1,0
BRDA:117,36,0,0
BRDA:117,37,0,0
BRDA:117,37,1,0
BRDA:117,37,2,0
BRDA:120,38,0,0
BRDA:120,39,0,0
BRDA:120,39,1,0
BRDA:127,40,0,0
BRDA:128,41,0,0
BRDA:128,42,0,0
BRDA:128,42,1,0
BRDA:131,43,0,0
BRDA:131,44,0,0
BRDA:131,44,1,0
BRDA:134,45,0,0
BRDA:134,46,0,0
BRDA:134,46,1,0
BRDA:137,47,0,0
BRDA:137,48,0,0
BRDA:137,48,1,0
BRDA:140,49,0,0
BRDA:140,50,0,0
BRDA:140,50,1,0
BRDA:143,51,0,0
BRDA:143,52,0,0
BRDA:143,52,1,0
BRDA:149,53,0,0
BRDA:150,54,0,0
BRDA:150,55,0,0
BRDA:150,55,1,0
BRDA:150,55,2,0
BRDA:153,56,0,0
BRDA:153,57,0,0
BRDA:153,57,1,0
BRDA:156,58,0,0
BRDA:156,59,0,0
BRDA:156,59,1,0
BRDA:156,59,2,0
BRDA:156,59,3,0
BRDA:160,60,0,0
BRDA:160,61,0,0
BRDA:160,61,1,0
BRDA:160,61,2,0
BRDA:166,62,0,0
BRDA:166,63,0,0
BRDA:166,63,1,0
BRDA:171,64,0,0
BRDA:176,65,0,0
BRDA:191,66,0,0
BRDA:200,67,0,0
BRDA:200,67,1,0
BRF:113
BRH:0
end_of_record
TN:
SF:src/di/Container.ts
FN:15,(anonymous_0)
FN:22,(anonymous_1)
FN:29,(anonymous_2)
FN:38,(anonymous_3)
FN:72,(anonymous_4)
FN:79,(anonymous_5)
FNF:6
FNH:0
FNDA:0,(anonymous_0)
FNDA:0,(anonymous_1)
FNDA:0,(anonymous_2)
FNDA:0,(anonymous_3)
FNDA:0,(anonymous_4)
FNDA:0,(anonymous_5)
DA:7,0
DA:8,0
DA:9,0
DA:10,0
DA:16,0
DA:23,0
DA:30,0
DA:32,0
DA:40,0
DA:41,0
DA:45,0
DA:46,0
DA:47,0
DA:48,0
DA:51,0
DA:52,0
DA:53,0
DA:55,0
DA:56,0
DA:57,0
DA:61,0
DA:62,0
DA:63,0
DA:66,0
DA:73,0
DA:80,0
DA:81,0
DA:82,0
DA:89,0
LF:29
LH:0
BRDA:40,0,0,0
BRDA:45,1,0,0
BRDA:47,2,0,0
BRDA:52,3,0,0
BRDA:62,4,0,0
BRDA:73,5,0,0
BRDA:73,5,1,0
BRF:7
BRH:0
end_of_record
TN:
SF:src/di/index.ts
FNF:0
FNH:0
DA:4,0
LF:1
LH:0
BRF:0
BRH:0
end_of_record
TN:
SF:src/download/DownloadManager.ts
FN:30,(anonymous_0)
FN:89,(anonymous_1)
FN:93,(anonymous_2)
FN:97,(anonymous_3)
FN:128,(anonymous_4)
FN:137,(anonymous_5)
FN:150,(anonymous_6)
FNF:7
FNH:7
FNDA:27,(anonymous_0)
FNDA:3,(anonymous_1)
FNDA:16,(anonymous_2)
FNDA:19,(anonymous_3)
FNDA:4,(anonymous_4)
FNDA:20,(anonymous_5)
FNDA:20,(anonymous_6)
DA:2,2
DA:7,2
DA:8,2
DA:9,2
DA:10,2
DA:11,2
DA:12,2
DA:13,2
DA:14,2
DA:15,2
DA:16,2
DA:18,2
DA:31,27
DA:32,27
DA:33,27
DA:34,27
DA:36,27
DA:37,27
DA:39,27
DA:40,27
DA:42,27
DA:49,27
DA:50,27
DA:51,27
DA:53,27
DA:54,27
DA:55,27
DA:56,27
DA:58,27
DA:64,27
DA:72,27
DA:80,27
DA:90,3
DA:94,16
DA:98,19
DA:100,19
DA:101,1
DA:102,1
DA:105,18
DA:106,18
DA:108,18
DA:109,20
DA:110,20
DA:111,20
DA:113,20
DA:114,20
DA:116,4
DA:117,4
DA:118,4
DA:122,18
DA:124,18
DA:125,4
DA:128,4
DA:131,4
DA:132,3
DA:138,20
DA:140,19
DA:141,15
DA:143,1
DA:144,1
DA:146,0
DA:151,20
LF:62
LH:61
BRDA:39,0,0,27
BRDA:39,0,1,27
BRDA:40,1,0,27
BRDA:40,1,1,0
BRDA:40,1,2,0
BRDA:53,2,0,27
BRDA:53,2,1,13
BRDA:54,3,0,27
BRDA:54,3,1,25
BRDA:55,4,0,27
BRDA:55,4,1,25
BRDA:100,5,0,1
BRDA:110,6,0,20
BRDA:110,6,1,20
BRDA:110,6,2,0
BRDA:116,7,0,4
BRDA:116,7,1,0
BRDA:124,8,0,4
BRDA:131,9,0,3
BRDA:138,10,0,19
BRDA:138,10,1,1
BRDA:138,10,2,0
BRF:22
BRH:17
end_of_record
TN:
SF:src/download/FileNormalizationService.ts
FN:36,(anonymous_0)
FN:48,(anonymous_1)
FN:106,(anonymous_2)
FN:163,(anonymous_3)
FN:271,(anonymous_4)
FN:292,(anonymous_5)
FN:302,(anonymous_6)
FNF:7
FNH:7
FNDA:8,(anonymous_0)
FNDA:8,(anonymous_1)
FNDA:10,(anonymous_2)
FNDA:8,(anonymous_3)
FNDA:2,(anonymous_4)
FNDA:2,(anonymous_5)
FNDA:10,(anonymous_6)
DA:1,1
DA:2,1
DA:3,1
DA:6,1
DA:7,1
DA:10,1
DA:11,1
DA:12,1
DA:32,1
DA:37,8
DA:38,8
DA:39,8
DA:41,8
DA:42,8
DA:55,8
DA:57,8
DA:67,8
DA:69,8
DA:70,8
DA:76,8
DA:80,8
DA:81,2
DA:87,2
DA:90,8
DA:99,8
DA:101,0
DA:102,0
DA:110,10
DA:121,10
DA:125,10
DA:126,0
DA:127,0
DA:131,10
DA:132,10
DA:134,10
DA:138,10
DA:143,10
DA:144,8
DA:145,8
DA:146,8
DA:147,8
DA:148,8
DA:149,8
DA:150,8
DA:152,0
DA:156,0
DA:160,10
DA:175,8
DA:183,8
DA:184,0
DA:185,0
DA:189,8
DA:190,8
DA:191,4
DA:192,4
DA:193,4
DA:198,4
DA:202,4
DA:214,4
DA:215,4
DA:216,2
DA:219,4
DA:222,4
DA:223,4
DA:225,4
DA:226,0
DA:227,0
DA:231,4
DA:232,2
DA:233,2
DA:234,2
DA:238,2
DA:241,2
DA:243,2
DA:244,2
DA:245,0
DA:249,2
DA:250,2
DA:251,2
DA:252,2
DA:255,2
DA:256,2
DA:257,2
DA:261,2
DA:263,2
DA:267,2
DA:276,2
DA:277,2
DA:283,2
DA:284,1
DA:287,0
DA:288,0
DA:303,10
DA:304,10
DA:305,10
DA:306,10
DA:307,10
DA:308,10
DA:309,10
LF:99
LH:86
BRDA:48,0,0,0
BRDA:50,1,0,0
BRDA:51,2,0,0
BRDA:52,3,0,0
BRDA:53,4,0,0
BRDA:54,5,0,0
BRDA:69,6,0,8
BRDA:69,7,0,8
BRDA:69,7,1,6
BRDA:80,8,0,2
BRDA:80,9,0,8
BRDA:80,9,1,6
BRDA:121,10,0,2
BRDA:121,10,1,8
BRDA:122,11,0,2
BRDA:122,11,1,0
BRDA:123,12,0,8
BRDA:123,12,1,0
BRDA:125,13,0,0
BRDA:138,14,0,2
BRDA:138,14,1,8
BRDA:139,15,0,2
BRDA:139,15,1,0
BRDA:140,16,0,8
BRDA:140,16,1,0
BRDA:147,17,0,4
BRDA:148,18,0,2
BRDA:149,19,0,2
BRDA:150,20,0,4
BRDA:154,21,0,0
BRDA:154,21,1,0
BRDA:183,22,0,0
BRDA:190,23,0,4
BRDA:198,24,0,0
BRDA:198,24,1,4
BRDA:199,25,0,0
BRDA:199,25,1,0
BRDA:200,26,0,4
BRDA:200,26,1,0
BRDA:208,27,0,4
BRDA:208,27,1,0
BRDA:215,28,0,2
BRDA:222,29,0,4
BRDA:222,29,1,4
BRDA:223,30,0,4
BRDA:223,30,1,2
BRDA:225,31,0,0
BRDA:225,32,0,4
BRDA:225,32,1,0
BRDA:231,33,0,2
BRDA:232,34,0,2
BRDA:233,35,0,2
BRDA:241,36,0,2
BRDA:241,37,0,2
BRDA:241,37,1,0
BRDA:244,38,0,0
BRDA:244,39,0,2
BRDA:244,39,1,0
BRDA:249,40,0,2
BRDA:251,41,0,2
BRDA:252,42,0,0
BRDA:255,43,0,2
BRDA:283,44,0,1
BRF:63
BRH:38
end_of_record
TN:
SF:src/download/FileService.ts
FN:42,(anonymous_0)
FN:44,(anonymous_1)
FN:54,(anonymous_2)
FN:67,(anonymous_3)
FN:80,(anonymous_4)
FN:87,(anonymous_5)
FN:97,(anonymous_6)
FN:118,(anonymous_7)
FN:186,(anonymous_8)
FN:204,(anonymous_9)
FN:223,(anonymous_10)
FN:282,(anonymous_11)
FN:295,(anonymous_12)
FN:356,(anonymous_13)
FNF:14
FNH:14
FNDA:77,(anonymous_0)
FNDA:26,(anonymous_1)
FNDA:3,(anonymous_2)
FNDA:2,(anonymous_3)
FNDA:18,(anonymous_4)
FNDA:15,(anonymous_5)
FNDA:26,(anonymous_6)
FNDA:11,(anonymous_7)
FNDA:10,(anonymous_8)
FNDA:10,(anonymous_9)
FNDA:6,(anonymous_10)
FNDA:11,(anonymous_11)
FNDA:7,(anonymous_12)
FNDA:1,(anonymous_13)
DA:1,3
DA:3,3
DA:4,3
DA:6,3
DA:41,3
DA:42,77
DA:45,26
DA:46,26
DA:47,25
DA:49,26
DA:50,25
DA:59,3
DA:60,3
DA:61,3
DA:62,3
DA:63,3
DA:64,3
DA:72,2
DA:73,2
DA:74,2
DA:75,2
DA:76,2
DA:77,2
DA:81,18
DA:89,15
DA:103,26
DA:104,7
DA:109,19
DA:110,19
DA:111,19
DA:113,19
DA:118,19
DA:119,11
DA:126,11
DA:134,19
DA:135,7
DA:136,7
DA:138,7
DA:139,2
DA:143,19
DA:144,2
DA:145,2
DA:147,2
DA:148,0
DA:153,19
DA:154,1
DA:155,1
DA:157,1
DA:158,0
DA:162,19
DA:163,1
DA:164,1
DA:166,1
DA:167,0
DA:172,19
DA:173,8
DA:174,8
DA:178,19
DA:179,3
DA:180,3
DA:183,19
DA:187,10
DA:188,10
DA:189,10
DA:190,10
DA:191,1013
DA:192,1013
DA:193,1013
DA:194,1013
DA:195,1013
DA:196,1004
DA:198,9
DA:201,1
DA:205,10
DA:206,10
DA:207,1
DA:209,9
DA:224,6
DA:226,6
DA:227,1
DA:232,5
DA:233,5
DA:234,5
DA:237,5
DA:238,5
DA:240,1
DA:246,4
DA:247,4
DA:248,4
DA:251,4
DA:252,4
DA:256,4
DA:257,4
DA:259,0
DA:263,4
DA:264,4
DA:266,0
DA:269,4
DA:272,2
DA:273,2
DA:275,0
DA:283,11
DA:284,11
DA:285,6
DA:287,5
DA:296,7
DA:297,7
DA:301,7
DA:302,7
DA:303,1
DA:304,1
DA:307,6
DA:310,6
DA:311,6
DA:312,6
DA:315,6
DA:316,6
DA:319,6
DA:320,8
DA:321,8
DA:323,8
DA:324,4
DA:325,4
DA:326,3
DA:327,3
DA:332,4
DA:333,1
DA:334,1
DA:336,1
DA:337,1
DA:338,1
DA:339,1
DA:340,1
DA:346,1
DA:348,1
DA:349,1
DA:357,1
LF:137
LH:131
BRDA:46,0,0,25
BRDA:49,1,0,25
BRDA:59,2,0,3
BRDA:59,2,1,1
BRDA:60,3,0,3
BRDA:60,3,1,1
BRDA:72,4,0,2
BRDA:72,4,1,1
BRDA:73,5,0,2
BRDA:73,5,1,1
BRDA:89,6,0,15
BRDA:89,6,1,2
BRDA:103,7,0,7
BRDA:110,8,0,19
BRDA:110,8,1,0
BRDA:111,9,0,19
BRDA:111,9,1,19
BRDA:119,10,0,2
BRDA:119,10,1,9
BRDA:121,11,0,8
BRDA:121,11,1,1
BRDA:122,12,0,1
BRDA:122,12,1,7
BRDA:134,13,0,7
BRDA:134,14,0,19
BRDA:134,14,1,13
BRDA:138,15,0,2
BRDA:138,16,0,7
BRDA:138,16,1,3
BRDA:139,17,0,1
BRDA:139,17,1,1
BRDA:143,18,0,2
BRDA:143,19,0,19
BRDA:143,19,1,18
BRDA:147,20,0,0
BRDA:147,21,0,2
BRDA:147,21,1,0
BRDA:148,22,0,0
BRDA:148,22,1,0
BRDA:153,23,0,1
BRDA:153,24,0,19
BRDA:153,24,1,18
BRDA:157,25,0,0
BRDA:157,26,0,1
BRDA:157,26,1,0
BRDA:158,27,0,0
BRDA:158,27,1,0
BRDA:162,28,0,1
BRDA:162,29,0,19
BRDA:162,29,1,18
BRDA:166,30,0,0
BRDA:166,31,0,1
BRDA:166,31,1,0
BRDA:167,32,0,0
BRDA:167,32,1,0
BRDA:172,33,0,8
BRDA:172,34,0,19
BRDA:172,34,1,14
BRDA:172,34,2,13
BRDA:172,34,3,12
BRDA:172,34,4,11
BRDA:172,34,5,11
BRDA:173,35,0,7
BRDA:173,35,1,1
BRDA:178,36,0,3
BRDA:178,37,0,19
BRDA:178,37,1,17
BRDA:179,38,0,2
BRDA:179,38,1,1
BRDA:183,39,0,19
BRDA:183,39,1,0
BRDA:191,40,0,10
BRDA:191,40,1,1003
BRDA:206,41,0,1
BRDA:226,42,0,1
BRDA:226,43,0,6
BRDA:226,43,1,6
BRDA:226,43,2,5
BRDA:232,44,0,5
BRDA:232,44,1,0
BRDA:240,45,0,1
BRDA:240,45,1,0
BRDA:248,46,0,1
BRDA:248,46,1,3
BRDA:259,47,0,0
BRDA:259,47,1,0
BRDA:266,48,0,0
BRDA:266,48,1,0
BRDA:272,49,0,2
BRDA:302,50,0,1
BRDA:310,51,0,6
BRDA:310,51,1,0
BRDA:316,52,0,2
BRDA:316,52,1,4
BRDA:323,53,0,4
BRDA:326,54,0,3
BRDA:326,55,0,3
BRDA:326,55,1,3
BRDA:332,56,0,1
BRDA:336,57,0,1
BRDA:339,58,0,1
BRDA:339,59,0,1
BRDA:339,59,1,1
BRDA:348,60,0,1
BRDA:348,60,1,0
BRF:105
BRH:83
end_of_record
TN:
SF:src/download/IllustrationDownloader.ts
FN:16,(anonymous_0)
FN:27,(anonymous_1)
FN:37,(anonymous_2)
FN:38,(anonymous_3)
FN:62,(anonymous_4)
FN:63,(anonymous_5)
FN:76,(anonymous_6)
FN:77,(anonymous_7)
FN:97,(anonymous_8)
FN:98,(anonymous_9)
FN:168,(anonymous_10)
FN:173,(anonymous_11)
FN:203,(anonymous_12)
FN:224,(anonymous_13)
FN:244,(anonymous_14)
FNF:15
FNH:13
FNDA:27,(anonymous_0)
FNDA:26,(anonymous_1)
FNDA:0,(anonymous_2)
FNDA:0,(anonymous_3)
FNDA:26,(anonymous_4)
FNDA:19,(anonymous_5)
FNDA:18,(anonymous_6)
FNDA:18,(anonymous_7)
FNDA:18,(anonymous_8)
FNDA:12,(anonymous_9)
FNDA:26,(anonymous_10)
FNDA:26,(anonymous_11)
FNDA:18,(anonymous_12)
FNDA:18,(anonymous_13)
FNDA:18,(anonymous_14)
DA:6,2
DA:7,2
DA:8,2
DA:9,2
DA:10,2
DA:15,2
DA:17,27
DA:18,27
DA:19,27
DA:20,27
DA:21,27
DA:29,26
DA:30,26
DA:32,0
DA:35,0
DA:38,0
DA:43,0
DA:44,0
DA:55,0
DA:56,0
DA:60,26
DA:63,26
DA:66,18
DA:69,18
DA:71,18
DA:72,0
DA:75,18
DA:76,18
DA:78,18
DA:79,18
DA:80,0
DA:83,18
DA:84,18
DA:88,18
DA:95,18
DA:98,18
DA:101,18
DA:104,18
DA:123,18
DA:124,18
DA:127,0
DA:130,18
DA:136,18
DA:137,18
DA:138,18
DA:139,18
DA:148,18
DA:151,18
DA:153,0
DA:160,18
DA:161,0
DA:169,26
DA:171,26
DA:173,26
DA:174,26
DA:175,26
DA:176,26
DA:177,0
DA:178,0
DA:179,0
DA:180,0
DA:182,0
DA:183,0
DA:188,0
DA:192,26
DA:194,0
DA:197,26
DA:204,18
DA:205,0
DA:208,18
DA:225,18
DA:226,15
DA:229,3
DA:230,3
DA:231,0
DA:234,3
DA:235,0
DA:238,3
DA:245,18
DA:246,18
DA:247,18
DA:248,0
DA:250,18
LF:83
LH:59
BRDA:30,0,0,0
BRDA:30,1,0,26
BRDA:30,1,1,0
BRDA:71,2,0,0
BRDA:79,3,0,0
BRDA:83,4,0,18
BRDA:83,4,1,0
BRDA:91,5,0,18
BRDA:91,5,1,0
BRDA:108,6,0,18
BRDA:108,6,1,0
BRDA:109,7,0,18
BRDA:109,7,1,0
BRDA:127,8,0,0
BRDA:127,8,1,0
BRDA:138,9,0,18
BRDA:138,9,1,0
BRDA:160,10,0,0
BRDA:178,11,0,0
BRDA:178,11,1,0
BRDA:180,12,0,0
BRDA:182,13,0,0
BRDA:204,14,0,0
BRDA:204,15,0,18
BRDA:204,15,1,18
BRDA:225,16,0,15
BRDA:230,17,0,0
BRDA:234,18,0,0
BRDA:238,19,0,3
BRDA:238,19,1,0
BRDA:247,20,0,0
BRF:31
BRH:10
end_of_record
TN:
SF:src/download/NovelDownloader.ts
FN:11,(anonymous_0)
FN:17,(anonymous_1)
FN:65,(anonymous_2)
FNF:3
FNH:2
FNDA:27,(anonymous_0)
FNDA:1,(anonymous_1)
FNDA:0,(anonymous_2)
DA:2,2
DA:8,2
DA:10,2
DA:12,27
DA:13,27
DA:14,27
DA:18,1
DA:19,1
DA:21,1
DA:22,1
DA:24,1
DA:25,1
DA:26,1
DA:28,1
DA:29,1
DA:36,0
DA:40,1
DA:42,0
DA:45,0
DA:46,0
DA:47,0
DA:56,0
DA:60,1
DA:61,0
DA:64,1
DA:66,0
DA:67,0
DA:69,0
DA:73,1
DA:87,1
DA:88,1
DA:90,1
DA:96,1
DA:98,1
DA:125,1
DA:126,1
DA:128,0
DA:133,1
DA:143,1
LF:39
LH:28
BRDA:24,0,0,1
BRDA:28,1,0,1
BRDA:28,1,1,0
BRDA:40,2,0,0
BRDA:40,2,1,1
BRDA:40,3,0,1
BRDA:40,3,1,0
BRDA:42,4,0,0
BRDA:42,4,1,0
BRDA:42,4,2,0
BRDA:42,4,3,0
BRDA:45,5,0,0
BRDA:46,6,0,0
BRDA:46,6,1,0
BRDA:60,7,0,0
BRDA:60,8,0,1
BRDA:60,8,1,0
BRDA:66,9,0,0
BRDA:75,10,0,1
BRDA:75,10,1,0
BRDA:76,11,0,1
BRDA:76,11,1,0
BRDA:77,12,0,1
BRDA:77,12,1,1
BRDA:81,13,0,1
BRDA:81,13,1,0
BRDA:93,14,0,1
BRDA:93,14,1,0
BRDA:102,15,0,1
BRDA:102,15,1,0
BRDA:103,16,0,1
BRDA:103,16,1,0
BRDA:114,17,0,1
BRDA:114,17,1,0
BRDA:129,18,0,0
BRDA:129,18,1,0
BRDA:145,19,0,1
BRDA:145,19,1,0
BRF:38
BRH:15
end_of_record
TN:
SF:src/download/RankingService.ts
FN:10,(anonymous_0)
FN:18,(anonymous_1)
FN:56,(anonymous_2)
FNF:3
FNH:3
FNDA:41,(anonymous_0)
FNDA:17,(anonymous_1)
FNDA:15,(anonymous_2)
DA:3,3
DA:4,3
DA:9,3
DA:10,41
DA:24,17
DA:25,14
DA:26,14
DA:30,3
DA:32,3
DA:34,2
DA:36,2
DA:38,2
DA:39,2
DA:41,1
DA:44,1
DA:45,1
DA:62,15
DA:64,12
DA:65,12
DA:69,3
DA:71,3
DA:73,2
DA:75,2
DA:77,2
DA:78,2
DA:80,1
DA:83,1
DA:84,1
LF:28
LH:28
BRDA:24,0,0,14
BRDA:34,1,0,2
BRDA:34,1,1,0
BRDA:41,2,0,1
BRDA:41,2,1,0
BRDA:62,3,0,12
BRDA:73,4,0,2
BRDA:73,4,1,0
BRDA:80,5,0,1
BRDA:80,5,1,0
BRF:10
BRH:6
end_of_record
TN:
SF:src/download/exec/DownloadExecutor.ts
FN:29,(anonymous_0)
FN:49,(anonymous_1)
FN:82,(anonymous_2)
FN:98,(anonymous_3)
FNF:4
FNH:4
FNDA:18,(anonymous_0)
FNDA:21,(anonymous_1)
FNDA:4,(anonymous_2)
FNDA:21,(anonymous_3)
DA:1,2
DA:7,2
DA:28,2
DA:40,18
DA:42,18
DA:44,15
DA:45,15
DA:46,15
DA:48,15
DA:49,15
DA:50,21
DA:51,42
DA:52,42
DA:53,23
DA:55,23
DA:57,23
DA:58,27
DA:64,27
DA:65,27
DA:66,19
DA:67,19
DA:69,8
DA:70,8
DA:71,8
DA:72,8
DA:73,2
DA:74,2
DA:76,6
DA:77,2
DA:80,4
DA:81,4
DA:82,4
DA:84,4
DA:85,4
DA:86,0
DA:87,0
DA:92,21
DA:93,21
DA:97,15
DA:98,21
DA:99,13
LF:41
LH:39
BRDA:36,0,0,0
BRDA:37,1,0,0
BRDA:42,2,0,3
BRDA:52,3,0,19
BRDA:61,4,0,27
BRDA:61,4,1,0
BRDA:72,5,0,2
BRDA:73,6,0,2
BRDA:73,6,1,0
BRDA:76,7,0,2
BRDA:77,8,0,2
BRDA:77,8,1,0
BRDA:80,9,0,4
BRDA:80,9,1,0
BRDA:81,10,0,4
BRDA:85,11,0,0
BRDA:85,12,0,4
BRDA:85,12,1,0
BRDA:87,13,0,0
BRDA:87,13,1,0
BRF:20
BRH:10
end_of_record
TN:
SF:src/download/handlers/IllustrationTargetHandler.ts
FN:14,(anonymous_0)
FN:22,(anonymous_1)
FN:33,(anonymous_2)
FN:41,(anonymous_3)
FN:49,(anonymous_4)
FN:86,(anonymous_5)
FN:110,(anonymous_6)
FN:142,(anonymous_7)
FN:175,(anonymous_8)
FN:197,(anonymous_9)
FN:206,(anonymous_10)
FNF:11
FNH:11
FNDA:49,(anonymous_0)
FNDA:41,(anonymous_1)
FNDA:26,(anonymous_2)
FNDA:41,(anonymous_3)
FNDA:6,(anonymous_4)
FNDA:35,(anonymous_5)
FNDA:35,(anonymous_6)
FNDA:7,(anonymous_7)
FNDA:7,(anonymous_8)
FNDA:3,(anonymous_9)
FNDA:120,(anonymous_10)
DA:2,3
DA:8,3
DA:9,3
DA:10,3
DA:13,3
DA:15,49
DA:16,49
DA:17,49
DA:18,49
DA:19,49
DA:23,41
DA:24,41
DA:25,41
DA:27,41
DA:28,41
DA:29,37
DA:33,26
DA:35,35
DA:37,7
DA:42,41
DA:43,6
DA:45,35
DA:50,6
DA:51,3
DA:54,3
DA:60,3
DA:61,3
DA:63,3
DA:64,2
DA:65,2
DA:67,3
DA:69,3
DA:70,3
DA:71,3
DA:72,1
DA:75,3
DA:76,3
DA:81,3
DA:82,3
DA:87,35
DA:89,35
DA:96,35
DA:98,35
DA:99,35
DA:101,35
DA:102,31
DA:104,31
DA:105,3
DA:107,31
DA:117,35
DA:118,35
DA:119,35
DA:121,35
DA:122,7
DA:125,34
DA:126,3
DA:131,34
DA:132,5
DA:134,34
DA:135,4
DA:138,34
DA:139,34
DA:151,7
DA:152,3
DA:153,3
DA:154,4
DA:155,1
DA:156,1
DA:162,3
DA:163,2
DA:164,2
DA:166,1
DA:169,1
DA:170,1
DA:171,1
DA:176,7
DA:178,7
DA:179,1
DA:180,1
DA:183,7
DA:184,1
DA:187,7
DA:188,7
DA:194,7
DA:202,3
DA:203,0
DA:206,3
DA:207,120
DA:208,120
DA:209,120
DA:212,3
DA:213,3
DA:214,3
DA:216,3
DA:217,16
DA:218,16
DA:219,16
DA:220,16
LF:98
LH:97
BRDA:23,0,0,41
BRDA:23,0,1,19
BRDA:24,1,0,41
BRDA:24,1,1,37
BRDA:24,1,2,4
BRDA:25,2,0,6
BRDA:25,2,1,35
BRDA:42,3,0,6
BRDA:42,3,1,35
BRDA:50,4,0,3
BRDA:50,4,1,3
BRDA:58,5,0,3
BRDA:58,5,1,0
BRDA:63,6,0,2
BRDA:63,7,0,3
BRDA:63,7,1,3
BRDA:69,8,0,3
BRDA:69,8,1,1
BRDA:70,9,0,3
BRDA:70,9,1,1
BRDA:71,10,0,1
BRDA:87,11,0,35
BRDA:87,11,1,2
BRDA:89,12,0,3
BRDA:89,12,1,32
BRDA:90,13,0,2
BRDA:90,13,1,1
BRDA:93,14,0,11
BRDA:93,14,1,21
BRDA:98,15,0,35
BRDA:104,16,0,3
BRDA:118,17,0,35
BRDA:118,17,1,0
BRDA:119,18,0,35
BRDA:119,18,1,31
BRDA:119,18,2,4
BRDA:121,19,0,7
BRDA:121,20,0,35
BRDA:121,20,1,7
BRDA:125,21,0,3
BRDA:125,22,0,34
BRDA:125,22,1,28
BRDA:125,22,2,16
BRDA:131,23,0,5
BRDA:134,24,0,4
BRDA:139,25,0,6
BRDA:139,25,1,28
BRDA:151,26,0,3
BRDA:151,26,1,4
BRDA:151,27,0,7
BRDA:151,27,1,3
BRDA:154,28,0,1
BRDA:154,28,1,3
BRDA:154,29,0,4
BRDA:154,29,1,1
BRDA:154,29,2,1
BRDA:162,30,0,2
BRDA:162,30,1,1
BRDA:162,31,0,3
BRDA:162,31,1,2
BRDA:162,31,2,2
BRDA:166,32,0,1
BRDA:166,32,1,0
BRDA:170,33,0,0
BRDA:170,33,1,1
BRDA:176,34,0,7
BRDA:176,34,1,0
BRDA:178,35,0,1
BRDA:178,36,0,7
BRDA:178,36,1,1
BRDA:179,37,0,1
BRDA:179,37,1,0
BRDA:183,38,0,1
BRDA:183,39,0,7
BRDA:183,39,1,1
BRDA:188,40,0,0
BRDA:188,40,1,7
BRDA:190,41,0,7
BRDA:190,41,1,0
BRDA:191,42,0,7
BRDA:191,42,1,0
BRDA:202,43,0,0
BRDA:213,44,0,3
BRDA:213,44,1,0
BRDA:218,45,0,16
BRDA:218,45,1,0
BRDA:218,45,2,0
BRDA:219,46,0,16
BRDA:219,46,1,0
BRDA:219,46,2,0
BRF:90
BRH:75
end_of_record
TN:
SF:src/download/handlers/NovelTargetHandler.ts
FN:14,(anonymous_0)
FN:22,(anonymous_1)
FN:43,(anonymous_2)
FN:51,(anonymous_3)
FN:59,(anonymous_4)
FN:92,(anonymous_5)
FN:116,(anonymous_6)
FN:148,(anonymous_7)
FN:180,(anonymous_8)
FN:202,(anonymous_9)
FN:231,(anonymous_10)
FN:279,(anonymous_11)
FN:284,(anonymous_12)
FN:306,(anonymous_13)
FNF:14
FNH:14
FNDA:60,(anonymous_0)
FNDA:34,(anonymous_1)
FNDA:1,(anonymous_2)
FNDA:26,(anonymous_3)
FNDA:6,(anonymous_4)
FNDA:20,(anonymous_5)
FNDA:22,(anonymous_6)
FNDA:4,(anonymous_7)
FNDA:6,(anonymous_8)
FNDA:3,(anonymous_9)
FNDA:5,(anonymous_10)
FNDA:5,(anonymous_11)
FNDA:122,(anonymous_12)
FNDA:1,(anonymous_13)
DA:2,3
DA:8,3
DA:9,3
DA:10,3
DA:13,3
DA:15,60
DA:16,60
DA:17,60
DA:18,60
DA:19,60
DA:23,34
DA:24,3
DA:25,2
DA:28,31
DA:29,5
DA:30,4
DA:33,26
DA:34,26
DA:35,26
DA:37,26
DA:38,26
DA:39,22
DA:43,1
DA:45,22
DA:47,6
DA:52,26
DA:53,6
DA:55,20
DA:60,6
DA:61,3
DA:64,3
DA:70,3
DA:71,3
DA:73,3
DA:74,2
DA:75,2
DA:77,3
DA:79,3
DA:80,3
DA:81,3
DA:82,1
DA:85,3
DA:86,3
DA:87,3
DA:88,3
DA:93,20
DA:95,20
DA:102,20
DA:104,20
DA:105,20
DA:107,20
DA:108,18
DA:110,16
DA:111,5
DA:113,16
DA:123,22
DA:124,22
DA:125,22
DA:127,22
DA:128,4
DA:131,20
DA:132,2
DA:137,20
DA:138,2
DA:140,20
DA:141,2
DA:144,20
DA:145,20
DA:156,4
DA:157,1
DA:158,1
DA:164,3
DA:165,1
DA:166,1
DA:173,2
DA:174,2
DA:175,2
DA:176,2
DA:181,6
DA:183,6
DA:184,1
DA:185,1
DA:188,6
DA:189,1
DA:192,6
DA:193,6
DA:199,6
DA:203,3
DA:204,3
DA:205,0
DA:208,3
DA:209,3
DA:210,3
DA:211,1
DA:212,1
DA:215,2
DA:216,1
DA:223,1
DA:224,1
DA:226,1
DA:227,1
DA:232,5
DA:233,5
DA:234,0
DA:237,5
DA:238,5
DA:239,5
DA:240,4
DA:242,4
DA:243,4
DA:245,4
DA:246,9
DA:248,9
DA:249,1
DA:250,1
DA:253,8
DA:254,8
DA:255,7
DA:256,7
DA:260,1
DA:261,1
DA:266,1
DA:270,4
DA:272,1
DA:275,1
DA:280,5
DA:281,1
DA:284,4
DA:285,122
DA:286,122
DA:287,122
DA:290,4
DA:291,4
DA:293,4
DA:294,18
DA:295,18
DA:296,18
DA:297,18
DA:307,1
DA:309,1
DA:310,0
DA:311,0
DA:314,1
DA:315,0
DA:318,1
LF:145
LH:140
BRDA:23,0,0,3
BRDA:28,1,0,5
BRDA:33,2,0,26
BRDA:33,2,1,3
BRDA:34,3,0,26
BRDA:34,3,1,22
BRDA:34,3,2,6
BRDA:35,4,0,6
BRDA:35,4,1,20
BRDA:52,5,0,6
BRDA:52,5,1,20
BRDA:60,6,0,3
BRDA:60,6,1,3
BRDA:68,7,0,3
BRDA:68,7,1,0
BRDA:73,8,0,2
BRDA:73,9,0,3
BRDA:73,9,1,3
BRDA:79,10,0,3
BRDA:79,10,1,1
BRDA:80,11,0,3
BRDA:80,11,1,1
BRDA:81,12,0,1
BRDA:93,13,0,20
BRDA:93,13,1,4
BRDA:95,14,0,5
BRDA:95,14,1,15
BRDA:96,15,0,4
BRDA:96,15,1,1
BRDA:99,16,0,0
BRDA:99,16,1,15
BRDA:104,17,0,20
BRDA:110,18,0,5
BRDA:124,19,0,22
BRDA:124,19,1,0
BRDA:125,20,0,22
BRDA:125,20,1,18
BRDA:125,20,2,4
BRDA:127,21,0,4
BRDA:127,22,0,22
BRDA:127,22,1,4
BRDA:131,23,0,2
BRDA:131,24,0,20
BRDA:131,24,1,18
BRDA:131,24,2,11
BRDA:137,25,0,2
BRDA:140,26,0,2
BRDA:145,27,0,6
BRDA:145,27,1,14
BRDA:156,28,0,1
BRDA:156,28,1,3
BRDA:156,29,0,4
BRDA:156,29,1,1
BRDA:164,30,0,1
BRDA:164,30,1,2
BRDA:164,31,0,3
BRDA:164,31,1,1
BRDA:164,31,2,1
BRDA:175,32,0,0
BRDA:175,32,1,2
BRDA:181,33,0,6
BRDA:181,33,1,0
BRDA:183,34,0,1
BRDA:183,35,0,6
BRDA:183,35,1,1
BRDA:184,36,0,1
BRDA:184,36,1,0
BRDA:188,37,0,1
BRDA:188,38,0,6
BRDA:188,38,1,1
BRDA:193,39,0,0
BRDA:193,39,1,6
BRDA:195,40,0,6
BRDA:195,40,1,0
BRDA:196,41,0,6
BRDA:196,41,1,0
BRDA:204,42,0,0
BRDA:210,43,0,1
BRDA:233,44,0,0
BRDA:243,45,0,4
BRDA:243,45,1,2
BRDA:245,46,0,13
BRDA:245,46,1,10
BRDA:248,47,0,1
BRDA:260,48,0,1
BRDA:260,48,1,0
BRDA:273,49,0,1
BRDA:273,49,1,0
BRDA:280,50,0,1
BRDA:295,51,0,18
BRDA:295,51,1,0
BRDA:295,51,2,0
BRDA:296,52,0,18
BRDA:296,52,1,0
BRDA:296,52,2,0
BRDA:307,53,0,1
BRDA:307,53,1,0
BRDA:309,54,0,0
BRDA:309,55,0,1
BRDA:309,55,1,0
BRDA:310,56,0,0
BRDA:310,56,1,0
BRDA:314,57,0,0
BRDA:314,58,0,1
BRDA:314,58,1,0
BRDA:320,59,0,1
BRDA:320,59,1,0
BRDA:321,60,0,1
BRDA:321,60,1,0
BRF:109
BRH:83
end_of_record
TN:
SF:src/download/normalization/FileNameNormalizer.ts
FN:9,(anonymous_0)
FN:11,(anonymous_1)
FNF:2
FNH:2
FNDA:8,(anonymous_0)
FNDA:2,(anonymous_1)
DA:1,1
DA:8,1
DA:9,8
DA:12,2
DA:13,2
DA:16,2
DA:17,2
DA:20,2
DA:21,2
DA:24,2
DA:25,2
DA:28,2
DA:29,2
DA:30,2
DA:32,2
DA:33,2
DA:35,2
DA:38,2
DA:39,0
DA:40,0
DA:41,0
DA:43,0
DA:46,2
LF:23
LH:19
BRDA:17,0,0,0
BRDA:17,0,1,2
BRDA:20,1,0,2
BRDA:20,1,1,0
BRDA:25,2,0,2
BRDA:25,2,1,0
BRDA:25,3,0,0
BRDA:25,3,1,0
BRDA:29,4,0,2
BRDA:32,5,0,2
BRDA:38,6,0,0
BRDA:40,7,0,0
BRDA:43,8,0,0
BRDA:43,8,1,0
BRF:14
BRH:5
end_of_record
TN:
SF:src/download/normalization/FileOperationUtils.ts
FN:13,(anonymous_0)
FN:16,walkDir
FN:39,(anonymous_2)
FN:60,(anonymous_3)
FNF:4
FNH:2
FNDA:10,(anonymous_0)
FNDA:10,walkDir
FNDA:0,(anonymous_2)
FNDA:0,(anonymous_3)
DA:1,1
DA:2,1
DA:3,1
DA:4,1
DA:9,1
DA:14,10
DA:17,10
DA:18,10
DA:19,10
DA:20,8
DA:21,8
DA:22,0
DA:23,8
DA:24,8
DA:28,0
DA:32,10
DA:33,10
DA:40,0
DA:41,0
DA:42,0
DA:43,0
DA:44,0
DA:45,0
DA:46,0
DA:47,0
DA:48,0
DA:49,0
DA:51,0
DA:54,0
DA:61,0
DA:62,0
DA:63,0
DA:65,0
LF:33
LH:15
BRDA:21,0,0,0
BRDA:21,0,1,8
BRDA:23,1,0,8
BRDA:44,2,0,0
BRDA:44,2,1,0
BRDA:62,3,0,0
BRF:6
BRH:2
end_of_record
TN:
SF:src/download/normalization/MetadataLoader.ts
FN:12,(anonymous_0)
FN:14,(anonymous_1)
FN:56,(anonymous_2)
FNF:3
FNH:2
FNDA:8,(anonymous_0)
FNDA:8,(anonymous_1)
FNDA:0,(anonymous_2)
DA:1,1
DA:2,1
DA:3,1
DA:6,1
DA:11,1
DA:12,8
DA:18,8
DA:20,8
DA:21,8
DA:22,8
DA:24,8
DA:25,4
DA:26,4
DA:27,4
DA:29,4
DA:30,4
DA:34,0
DA:39,4
DA:40,4
DA:41,4
DA:43,0
DA:48,0
DA:54,0
DA:55,0
DA:56,0
DA:57,0
DA:60,0
DA:61,0
DA:62,0
DA:63,0
DA:64,0
DA:65,0
DA:66,0
DA:69,0
DA:73,0
DA:77,0
DA:78,0
DA:79,0
DA:83,0
DA:84,0
DA:85,0
DA:86,0
DA:88,0
DA:89,0
DA:90,0
DA:94,0
DA:95,0
DA:96,0
DA:97,0
DA:98,0
DA:99,0
DA:103,0
DA:105,0
DA:106,0
LF:54
LH:19
BRDA:24,0,0,4
BRDA:29,1,0,4
BRDA:40,2,0,4
BRDA:48,3,0,0
BRDA:48,3,1,0
BRDA:49,4,0,0
BRDA:49,4,1,0
BRDA:50,5,0,0
BRDA:50,5,1,0
BRDA:57,6,0,0
BRDA:57,6,1,0
BRDA:60,7,0,0
BRDA:65,8,0,0
BRDA:65,9,0,0
BRDA:65,9,1,0
BRDA:77,10,0,0
BRDA:77,10,1,0
BRDA:84,11,0,0
BRDA:84,11,1,0
BRDA:88,12,0,0
BRDA:94,13,0,0
BRDA:97,14,0,0
BRF:22
BRH:3
end_of_record
TN:
SF:src/download/pipeline/DownloadPipeline.ts
FN:35,(anonymous_0)
FN:43,(anonymous_1)
FN:84,(anonymous_2)
FN:115,(anonymous_3)
FN:116,(anonymous_4)
FN:139,(anonymous_5)
FN:148,(anonymous_6)
FN:164,(anonymous_7)
FN:183,(anonymous_8)
FN:184,(anonymous_9)
FN:199,(anonymous_10)
FN:208,(anonymous_11)
FN:218,(anonymous_12)
FN:222,(anonymous_13)
FNF:14
FNH:13
FNDA:27,(anonymous_0)
FNDA:18,(anonymous_1)
FNDA:1,(anonymous_2)
FNDA:5,(anonymous_3)
FNDA:5,(anonymous_4)
FNDA:5,(anonymous_5)
FNDA:0,(anonymous_6)
FNDA:17,(anonymous_7)
FNDA:22,(anonymous_8)
FNDA:22,(anonymous_9)
FNDA:16,(anonymous_10)
FNDA:8,(anonymous_11)
FNDA:74,(anonymous_12)
FNDA:8,(anonymous_13)
DA:2,2
DA:3,2
DA:28,2
DA:36,27
DA:37,27
DA:38,27
DA:39,27
DA:40,27
DA:49,18
DA:50,18
DA:51,18
DA:52,18
DA:53,18
DA:54,18
DA:55,18
DA:57,18
DA:59,18
DA:64,18
DA:65,1
DA:67,17
DA:70,16
DA:76,16
DA:94,1
DA:95,1
DA:96,0
DA:97,0
DA:100,1
DA:101,0
DA:104,1
DA:105,1
DA:106,1
DA:107,1
DA:108,1
DA:110,1
DA:115,5
DA:117,5
DA:118,0
DA:121,5
DA:122,5
DA:123,5
DA:124,5
DA:128,5
DA:129,5
DA:130,5
DA:135,5
DA:136,0
DA:140,5
DA:141,5
DA:142,5
DA:149,0
DA:150,0
DA:151,0
DA:152,0
DA:157,1
DA:158,0
DA:173,17
DA:174,17
DA:175,17
DA:176,17
DA:178,17
DA:183,22
DA:185,22
DA:186,0
DA:188,22
DA:189,14
DA:190,14
DA:195,14
DA:196,1
DA:200,16
DA:201,16
DA:202,16
DA:209,8
DA:210,8
DA:211,8
DA:212,2
DA:219,74
DA:229,8
DA:230,8
DA:238,8
DA:240,2
DA:241,2
DA:246,0
DA:251,2
DA:254,2
DA:258,2
DA:262,4
DA:269,4
DA:272,0
LF:88
LH:75
BRDA:49,0,0,18
BRDA:49,0,1,18
BRDA:49,0,2,0
BRDA:55,1,0,18
BRDA:55,1,1,16
BRDA:57,2,0,17
BRDA:57,2,1,1
BRDA:64,3,0,1
BRDA:64,3,1,17
BRDA:73,4,0,15
BRDA:73,4,1,1
BRDA:95,5,0,0
BRDA:100,6,0,0
BRDA:104,7,0,1
BRDA:104,7,1,1
BRDA:105,8,0,1
BRDA:105,8,1,0
BRDA:117,9,0,0
BRDA:123,10,0,5
BRDA:123,10,1,0
BRDA:133,11,0,5
BRDA:133,11,1,0
BRDA:135,12,0,0
BRDA:141,13,0,5
BRDA:141,13,1,0
BRDA:151,14,0,0
BRDA:157,15,0,0
BRDA:157,16,0,1
BRDA:157,16,1,0
BRDA:174,17,0,17
BRDA:174,17,1,17
BRDA:185,18,0,0
BRDA:193,19,0,13
BRDA:193,19,1,1
BRDA:195,20,0,1
BRDA:201,21,0,15
BRDA:201,21,1,1
BRDA:211,22,0,2
BRDA:232,23,0,8
BRDA:232,23,1,8
BRDA:235,24,0,8
BRDA:235,24,1,8
BRDA:238,25,0,2
BRDA:238,25,1,2
BRDA:238,25,2,0
BRDA:238,25,3,4
BRDA:238,25,4,0
BRDA:240,26,0,2
BRDA:240,26,1,0
BRDA:240,27,0,2
BRDA:240,27,1,0
BRDA:242,28,0,2
BRDA:242,28,1,0
BRDA:247,29,0,0
BRDA:247,29,1,0
BRDA:255,30,0,2
BRDA:255,30,1,0
BRDA:263,31,0,4
BRDA:263,31,1,0
BRDA:266,32,0,4
BRDA:266,32,1,4
BRF:61
BRH:39
end_of_record
TN:
SF:src/download/plan/DownloadPlanner.ts
FN:33,(anonymous_0)
FN:35,(anonymous_1)
FN:43,(anonymous_2)
FN:46,(anonymous_3)
FN:82,(anonymous_4)
FN:92,(anonymous_5)
FN:114,(anonymous_6)
FN:143,(anonymous_7)
FN:166,(anonymous_8)
FNF:9
FNH:9
FNDA:32,(anonymous_0)
FNDA:23,(anonymous_1)
FNDA:92,(anonymous_2)
FNDA:92,(anonymous_3)
FNDA:23,(anonymous_4)
FNDA:5,(anonymous_5)
FNDA:5,(anonymous_6)
FNDA:23,(anonymous_7)
FNDA:2,(anonymous_8)
DA:3,3
DA:4,3
DA:32,3
DA:33,32
DA:40,23
DA:41,23
DA:43,92
DA:45,23
DA:46,92
DA:47,23
DA:49,23
DA:51,23
DA:52,2
DA:53,2
DA:54,2
DA:55,2
DA:68,21
DA:70,21
DA:87,23
DA:88,23
DA:90,23
DA:91,2
DA:92,2
DA:93,5
DA:94,5
DA:96,2
DA:97,2
DA:103,23
DA:104,2
DA:105,2
DA:107,2
DA:108,0
DA:113,2
DA:114,2
DA:115,5
DA:116,5
DA:117,5
DA:118,5
DA:121,2
DA:122,2
DA:123,2
DA:130,23
DA:131,3
DA:136,23
DA:144,23
DA:145,2
DA:148,21
DA:149,21
DA:150,21
DA:151,93
DA:152,93
DA:153,1
DA:155,92
DA:156,92
DA:159,21
DA:160,21
DA:161,1
DA:163,21
DA:167,2
DA:168,2
DA:169,63
DA:170,63
DA:172,2
LF:63
LH:62
BRDA:45,0,0,21
BRDA:45,0,1,2
BRDA:49,1,0,21
BRDA:49,1,1,2
BRDA:49,2,0,23
BRDA:49,2,1,21
BRDA:51,3,0,2
BRDA:90,4,0,2
BRDA:93,5,0,5
BRDA:93,5,1,0
BRDA:93,5,2,0
BRDA:96,6,0,2
BRDA:103,7,0,2
BRDA:103,8,0,23
BRDA:103,8,1,21
BRDA:107,9,0,0
BRDA:107,9,1,2
BRDA:115,10,0,0
BRDA:117,11,0,0
BRDA:117,12,0,5
BRDA:117,12,1,5
BRDA:121,13,0,2
BRDA:122,14,0,2
BRDA:122,14,1,0
BRDA:122,15,0,2
BRDA:122,15,1,0
BRDA:130,16,0,3
BRDA:144,17,0,2
BRDA:152,18,0,1
BRDA:160,19,0,1
BRF:30
BRH:23
end_of_record
TN:
SF:src/download/recovery/ErrorRecovery.ts
FN:31,(anonymous_0)
FN:38,(anonymous_1)
FNF:2
FNH:2
FNDA:33,(anonymous_0)
FNDA:14,(anonymous_1)
DA:1,3
DA:2,3
DA:26,3
DA:32,33
DA:33,33
DA:34,33
DA:35,33
DA:39,14
DA:42,14
DA:43,3
DA:46,11
DA:47,1
DA:51,10
DA:52,3
DA:56,7
DA:58,2
DA:59,2
DA:60,2
DA:61,2
DA:64,2
DA:67,5
DA:68,5
DA:71,5
LF:23
LH:23
BRDA:31,0,0,2
BRDA:32,1,0,2
BRDA:32,2,0,3
BRDA:32,3,0,4
BRDA:42,4,0,3
BRDA:46,5,0,1
BRDA:51,6,0,3
BRDA:56,7,0,2
BRDA:58,8,0,1
BRDA:58,8,1,1
BRDA:58,9,0,2
BRDA:58,9,1,1
BRDA:60,10,0,2
BRDA:60,10,1,1
BRDA:62,11,0,2
BRDA:62,11,1,0
BRDA:62,12,0,2
BRDA:62,12,1,0
BRDA:69,13,0,5
BRDA:69,13,1,1
BRDA:69,14,0,5
BRDA:69,14,1,0
BRF:22
BRH:19
end_of_record
TN:
SF:src/download/report/ProgressReporter.ts
FN:20,(anonymous_0)
FN:28,(anonymous_1)
FN:41,(anonymous_2)
FN:66,(anonymous_3)
FN:70,(anonymous_4)
FN:76,(anonymous_5)
FN:82,(anonymous_6)
FN:87,(anonymous_7)
FN:93,(anonymous_8)
FNF:9
FNH:9
FNDA:2,(anonymous_0)
FNDA:3,(anonymous_1)
FNDA:2,(anonymous_2)
FNDA:27,(anonymous_3)
FNDA:10,(anonymous_4)
FNDA:116,(anonymous_5)
FNDA:7,(anonymous_6)
FNDA:24,(anonymous_7)
FNDA:157,(anonymous_8)
DA:1,3
DA:19,3
DA:21,2
DA:22,1
DA:24,1
DA:29,3
DA:30,3
DA:31,2
DA:33,3
DA:34,3
DA:35,3
DA:36,3
DA:37,3
DA:38,3
DA:42,2
DA:47,2
DA:48,2
DA:58,3
DA:60,52
DA:61,52
DA:62,52
DA:63,52
DA:67,27
DA:71,10
DA:72,10
DA:73,10
DA:77,116
DA:78,116
DA:79,116
DA:83,7
DA:84,7
DA:88,24
DA:89,24
DA:90,24
DA:94,157
DA:95,114
DA:98,43
DA:103,2
DA:106,41
DA:107,41
DA:108,41
DA:109,41
LF:42
LH:42
BRDA:21,0,0,1
BRDA:21,0,1,1
BRDA:30,1,0,2
BRDA:30,2,0,3
BRDA:30,2,1,2
BRDA:34,3,0,1
BRDA:35,4,0,1
BRDA:36,5,0,1
BRDA:37,6,0,1
BRDA:47,7,0,1
BRDA:67,8,0,27
BRDA:67,8,1,3
BRDA:78,9,0,114
BRDA:82,10,0,2
BRDA:88,11,0,23
BRDA:90,12,0,24
BRDA:90,12,1,3
BRDA:94,13,0,114
BRDA:98,14,0,2
BRDA:99,15,0,43
BRDA:99,15,1,7
BRDA:99,15,2,5
BRF:22
BRH:22
end_of_record
TN:
SF:src/interfaces/index.ts
FNF:0
FNH:0
DA:4,0
DA:5,0
DA:6,0
DA:7,0
DA:8,0
LF:5
LH:0
BRF:0
BRH:0
end_of_record
TN:
SF:src/pixiv/AuthClient.ts
FN:28,(anonymous_0)
FN:37,(anonymous_1)
FN:47,(anonymous_2)
FN:70,(anonymous_3)
FN:138,(anonymous_4)
FNF:5
FNH:0
FNDA:0,(anonymous_0)
FNDA:0,(anonymous_1)
FNDA:0,(anonymous_2)
FNDA:0,(anonymous_3)
FNDA:0,(anonymous_4)
DA:1,0
DA:2,0
DA:5,0
DA:7,0
DA:22,0
DA:23,0
DA:25,0
DA:29,0
DA:30,0
DA:31,0
DA:34,0
DA:38,0
DA:39,0
DA:40,0
DA:43,0
DA:44,0
DA:48,0
DA:51,0
DA:52,0
DA:53,0
DA:61,0
DA:62,0
DA:69,0
DA:70,0
DA:71,0
DA:72,0
DA:79,0
DA:80,0
DA:83,0
DA:84,0
DA:86,0
DA:93,0
DA:97,0
DA:98,0
DA:101,0
DA:110,0
DA:111,0
DA:112,0
DA:113,0
DA:115,0
DA:123,0
DA:124,0
DA:126,0
DA:129,0
DA:130,0
DA:131,0
DA:135,0
DA:139,0
DA:140,0
LF:49
LH:0
BRDA:39,0,0,0
BRDA:39,1,0,0
BRDA:39,1,1,0
BRDA:39,1,2,0
BRDA:51,2,0,0
BRDA:51,2,1,0
BRDA:79,3,0,0
BRDA:97,4,0,0
BRDA:97,5,0,0
BRDA:97,5,1,0
BRDA:110,6,0,0
BRDA:116,7,0,0
BRDA:116,7,1,0
BRF:13
BRH:0
end_of_record
TN:
SF:src/pixiv/PixivClient.ts
FN:31,(anonymous_0)
FN:53,(anonymous_1)
FN:69,(anonymous_2)
FN:84,(anonymous_3)
FN:93,(anonymous_4)
FN:101,(anonymous_5)
FN:111,(anonymous_6)
FN:120,(anonymous_7)
FN:136,(anonymous_8)
FN:144,(anonymous_9)
FN:152,(anonymous_10)
FN:166,(anonymous_11)
FN:185,(anonymous_12)
FN:201,(anonymous_13)
FN:219,(anonymous_14)
FN:234,(anonymous_15)
FN:244,(anonymous_16)
FN:251,(anonymous_17)
FN:255,(anonymous_18)
FN:263,(anonymous_19)
FN:270,(anonymous_20)
FN:274,(anonymous_21)
FN:280,(anonymous_22)
FN:282,(anonymous_23)
FN:286,(anonymous_24)
FNF:25
FNH:21
FNDA:36,(anonymous_0)
FNDA:36,(anonymous_1)
FNDA:48,(anonymous_2)
FNDA:0,(anonymous_3)
FNDA:0,(anonymous_4)
FNDA:0,(anonymous_5)
FNDA:9,(anonymous_6)
FNDA:2,(anonymous_7)
FNDA:1,(anonymous_8)
FNDA:1,(anonymous_9)
FNDA:2,(anonymous_10)
FNDA:2,(anonymous_11)
FNDA:2,(anonymous_12)
FNDA:2,(anonymous_13)
FNDA:2,(anonymous_14)
FNDA:1,(anonymous_15)
FNDA:1,(anonymous_16)
FNDA:2,(anonymous_17)
FNDA:2,(anonymous_18)
FNDA:2,(anonymous_19)
FNDA:1,(anonymous_20)
FNDA:2,(anonymous_21)
FNDA:2,(anonymous_22)
FNDA:0,(anonymous_23)
FNDA:2,(anonymous_24)
DA:2,1
DA:5,1
DA:7,1
DA:8,1
DA:13,1
DA:14,1
DA:15,1
DA:16,1
DA:17,1
DA:22,1
DA:23,36
DA:31,36
DA:33,36
DA:34,36
DA:35,1
DA:36,1
DA:39,1
DA:42,1
DA:44,1
DA:52,36
DA:53,36
DA:54,36
DA:55,36
DA:56,1
DA:57,1
DA:58,1
DA:60,35
DA:62,36
DA:69,48
DA:73,36
DA:74,36
DA:75,36
DA:76,36
DA:85,0
DA:94,0
DA:102,0
DA:112,9
DA:113,9
DA:121,2
DA:122,2
DA:123,2
DA:124,2
DA:125,1
DA:127,1
DA:128,1
DA:137,1
DA:145,1
DA:159,2
DA:173,2
DA:186,2
DA:187,2
DA:206,2
DA:224,2
DA:238,1
DA:248,1
DA:252,2
DA:256,2
DA:264,2
DA:271,1
DA:275,2
DA:281,2
DA:282,2
DA:283,2
DA:288,2
DA:295,2
LF:65
LH:62
BRDA:34,0,0,1
BRDA:34,1,0,36
BRDA:34,1,1,1
BRDA:34,1,2,1
BRDA:35,2,0,1
BRDA:35,2,1,0
BRDA:36,3,0,0
BRDA:36,3,1,1
BRDA:36,4,0,1
BRDA:36,4,1,0
BRDA:52,5,0,36
BRDA:52,5,1,0
BRDA:55,6,0,1
BRDA:55,7,0,36
BRDA:55,7,1,1
BRDA:55,7,2,1
BRDA:56,8,0,1
BRDA:56,8,1,0
BRDA:57,9,0,0
BRDA:57,9,1,1
BRDA:57,10,0,1
BRDA:57,10,1,0
BRDA:65,11,0,36
BRDA:65,11,1,0
BRDA:66,12,0,36
BRDA:66,12,1,0
BRDA:112,13,0,9
BRDA:112,13,1,0
BRDA:127,14,0,1
BRDA:127,14,1,0
BRDA:186,15,0,2
BRDA:186,15,1,0
BRDA:202,16,0,1
BRDA:220,17,0,1
BRF:34
BRH:22
end_of_record
TN:
SF:src/pixiv/client/IllustService.ts
FN:9,(anonymous_0)
FN:11,(anonymous_1)
FN:17,(anonymous_2)
FN:30,(anonymous_3)
FN:60,(anonymous_4)
FNF:5
FNH:5
FNDA:40,(anonymous_0)
FNDA:4,(anonymous_1)
FNDA:2,(anonymous_2)
FNDA:3,(anonymous_3)
FNDA:3,(anonymous_4)
DA:8,2
DA:9,40
DA:12,4
DA:13,4
DA:14,3
DA:21,2
DA:22,2
DA:25,2
DA:26,2
DA:27,2
DA:34,3
DA:39,3
DA:40,3
DA:41,3
DA:42,3
DA:44,3
DA:46,4
DA:50,4
DA:51,4
DA:52,4
DA:53,4
DA:54,4
DA:57,3
DA:77,3
DA:81,3
DA:83,3
DA:84,3
DA:86,3
DA:87,4
DA:91,4
DA:92,6
DA:93,6
DA:95,4
DA:97,3
LF:34
LH:34
BRDA:25,0,0,2
BRDA:25,0,1,0
BRDA:39,1,0,0
BRDA:42,2,0,3
BRDA:42,2,1,1
BRDA:44,3,0,7
BRDA:44,3,1,4
BRDA:50,4,0,4
BRDA:50,4,1,0
BRDA:53,5,0,4
BRDA:53,5,1,3
BRDA:54,6,0,0
BRDA:81,7,0,1
BRDA:86,8,0,7
BRDA:86,8,1,4
BRDA:86,8,2,3
BRDA:91,9,0,4
BRDA:91,9,1,0
BRDA:93,10,0,1
BRDA:93,11,0,6
BRDA:93,11,1,4
BRDA:95,12,0,4
BRDA:95,12,1,3
BRF:23
BRH:18
end_of_record
TN:
SF:src/pixiv/client/MediaDownloadService.ts
FN:9,(anonymous_0)
FN:11,(anonymous_1)
FNF:2
FNH:2
FNDA:37,(anonymous_0)
FNDA:3,(anonymous_1)
DA:8,2
DA:9,37
DA:12,3
DA:16,3
LF:4
LH:4
BRDA:14,0,0,3
BRDA:14,0,1,0
BRF:2
BRH:1
end_of_record
TN:
SF:src/pixiv/client/NovelService.ts
FN:9,(anonymous_0)
FN:11,(anonymous_1)
FN:18,(anonymous_2)
FN:47,(anonymous_3)
FN:62,(anonymous_4)
FN:90,(anonymous_5)
FN:119,(anonymous_6)
FN:157,(anonymous_7)
FNF:8
FNH:8
FNDA:70,(anonymous_0)
FNDA:5,(anonymous_1)
FNDA:4,(anonymous_2)
FNDA:4,(anonymous_3)
FNDA:7,(anonymous_4)
FNDA:7,(anonymous_5)
FNDA:16,(anonymous_6)
FNDA:5,(anonymous_7)
DA:3,2
DA:8,2
DA:9,70
DA:13,5
DA:14,5
DA:15,3
DA:23,4
DA:24,4
DA:25,4
DA:28,2
DA:29,2
DA:30,2
DA:32,2
DA:34,2
DA:35,1
DA:36,1
DA:39,1
DA:40,1
DA:41,1
DA:43,1
DA:49,4
DA:50,4
DA:52,2
DA:53,2
DA:54,1
DA:55,1
DA:56,1
DA:58,1
DA:64,7
DA:65,7
DA:66,7
DA:69,4
DA:70,4
DA:71,4
DA:76,4
DA:80,2
DA:81,1
DA:83,1
DA:85,3
DA:94,7
DA:98,7
DA:99,7
DA:100,7
DA:101,7
DA:103,7
DA:105,8
DA:109,8
DA:110,8
DA:111,8
DA:112,8
DA:113,8
DA:116,7
DA:134,16
DA:137,16
DA:139,16
DA:140,16
DA:142,16
DA:144,18
DA:148,18
DA:149,21
DA:150,21
DA:152,18
DA:154,16
DA:158,5
DA:159,5
DA:161,5
DA:162,6
DA:164,6
DA:166,6
DA:167,2
DA:168,4
DA:169,1
DA:170,3
DA:171,2
DA:173,1
DA:176,5
DA:177,6
DA:185,5
DA:188,4
LF:79
LH:79
BRDA:28,0,0,2
BRDA:28,0,1,0
BRDA:32,1,0,2
BRDA:32,1,1,0
BRDA:34,2,0,1
BRDA:34,3,0,2
BRDA:34,3,1,1
BRDA:39,4,0,1
BRDA:39,4,1,0
BRDA:52,5,0,2
BRDA:52,5,1,0
BRDA:53,6,0,1
BRDA:53,7,0,2
BRDA:53,7,1,1
BRDA:73,8,0,2
BRDA:73,8,1,2
BRDA:80,9,0,1
BRDA:98,10,0,1
BRDA:101,11,0,7
BRDA:101,11,1,3
BRDA:103,12,0,14
BRDA:103,12,1,9
BRDA:109,13,0,8
BRDA:109,13,1,0
BRDA:112,14,0,8
BRDA:112,14,1,5
BRDA:113,15,0,1
BRDA:137,16,0,2
BRDA:142,17,0,34
BRDA:142,17,1,19
BRDA:142,17,2,16
BRDA:148,18,0,18
BRDA:148,18,1,0
BRDA:150,19,0,12
BRDA:150,20,0,21
BRDA:150,20,1,17
BRDA:152,21,0,18
BRDA:152,21,1,15
BRDA:166,22,0,2
BRDA:166,22,1,4
BRDA:168,23,0,1
BRDA:168,23,1,3
BRDA:170,24,0,2
BRDA:170,24,1,1
BRDA:185,25,0,5
BRDA:185,25,1,4
BRF:46
BRH:40
end_of_record
TN:
SF:src/pixiv/client/PixivApiCore.ts
FN:38,(anonymous_0)
FN:53,(anonymous_1)
FN:62,(anonymous_2)
FN:127,(anonymous_3)
FN:136,(anonymous_4)
FN:200,(anonymous_5)
FN:205,(anonymous_6)
FN:248,(anonymous_7)
FN:260,(anonymous_8)
FN:265,(anonymous_9)
FN:274,(anonymous_10)
FNF:11
FNH:9
FNDA:69,(anonymous_0)
FNDA:257,(anonymous_1)
FNDA:0,(anonymous_2)
FNDA:53,(anonymous_3)
FNDA:0,(anonymous_4)
FNDA:338,(anonymous_5)
FNDA:272,(anonymous_6)
FNDA:310,(anonymous_7)
FNDA:1,(anonymous_8)
FNDA:24,(anonymous_9)
FNDA:19,(anonymous_10)
DA:1,3
DA:2,3
DA:3,3
DA:4,3
DA:5,3
DA:28,3
DA:39,69
DA:40,69
DA:41,69
DA:42,69
DA:43,69
DA:44,69
DA:45,69
DA:46,69
DA:47,3
DA:54,257
DA:57,257
DA:59,257
DA:60,280
DA:61,280
DA:62,280
DA:63,280
DA:64,280
DA:70,280
DA:71,50
DA:72,50
DA:73,48
DA:77,280
DA:82,280
DA:83,1
DA:87,280
DA:88,280
DA:89,0
DA:92,280
DA:93,272
DA:95,280
DA:98,34
DA:101,34
DA:102,3
DA:106,31
DA:107,8
DA:110,23
DA:111,23
DA:118,23
DA:123,0
DA:124,0
DA:128,53
DA:131,53
DA:133,53
DA:134,54
DA:135,54
DA:136,54
DA:137,54
DA:138,54
DA:143,54
DA:144,2
DA:145,2
DA:146,2
DA:149,54
DA:155,54
DA:156,1
DA:159,54
DA:160,54
DA:161,1
DA:164,54
DA:165,53
DA:166,3
DA:167,3
DA:172,50
DA:174,54
DA:177,4
DA:178,4
DA:179,2
DA:181,2
DA:182,1
DA:184,1
DA:185,1
DA:192,1
DA:196,0
DA:197,0
DA:201,338
DA:202,3
DA:207,272
DA:208,1
DA:209,1
DA:216,261
DA:217,3
DA:218,3
DA:225,258
DA:226,8
DA:227,8
DA:228,8
DA:229,8
DA:237,250
DA:238,4
DA:239,4
DA:245,246
DA:249,310
DA:251,310
DA:252,56
DA:255,254
DA:256,254
DA:262,1
DA:266,24
DA:267,24
DA:268,7
DA:269,7
DA:271,17
DA:275,19
DA:276,19
DA:278,2
LF:111
LH:106
BRDA:38,0,0,6
BRDA:39,1,0,69
BRDA:39,1,1,32
BRDA:41,2,0,69
BRDA:41,2,1,32
BRDA:42,3,0,69
BRDA:42,3,1,19
BRDA:44,4,0,3
BRDA:44,4,1,66
BRDA:46,5,0,3
BRDA:65,6,0,47
BRDA:65,6,1,233
BRDA:70,7,0,50
BRDA:72,8,0,48
BRDA:82,9,0,1
BRDA:88,10,0,0
BRDA:101,11,0,3
BRDA:106,12,0,8
BRDA:116,13,0,23
BRDA:116,13,1,0
BRDA:123,14,0,0
BRDA:123,14,1,0
BRDA:124,15,0,0
BRDA:124,15,1,0
BRDA:139,16,0,2
BRDA:139,16,1,52
BRDA:143,17,0,2
BRDA:145,18,0,2
BRDA:155,19,0,1
BRDA:160,20,0,1
BRDA:165,21,0,3
BRDA:168,22,0,2
BRDA:168,22,1,1
BRDA:178,23,0,2
BRDA:181,24,0,1
BRDA:190,25,0,1
BRDA:190,25,1,0
BRDA:196,26,0,0
BRDA:196,26,1,0
BRDA:197,27,0,0
BRDA:197,27,1,0
BRDA:201,28,0,335
BRDA:201,29,0,338
BRDA:201,29,1,3
BRDA:207,30,0,1
BRDA:210,31,0,1
BRDA:210,31,1,0
BRDA:216,32,0,3
BRDA:219,33,0,3
BRDA:219,33,1,0
BRDA:225,34,0,8
BRDA:228,35,0,7
BRDA:228,35,1,1
BRDA:230,36,0,8
BRDA:230,36,1,0
BRDA:233,37,0,8
BRDA:233,37,1,1
BRDA:237,38,0,4
BRDA:240,39,0,3
BRDA:240,39,1,1
BRDA:255,40,0,253
BRDA:255,40,1,1
BRDA:266,41,0,24
BRDA:266,41,1,9
BRDA:267,42,0,7
BRDA:268,43,0,7
BRDA:268,43,1,0
BRF:67
BRH:52
end_of_record
TN:
SF:src/pixiv/client/SearchService.ts
FN:14,(anonymous_0)
FN:16,(anonymous_1)
FN:23,(anonymous_2)
FN:30,(anonymous_3)
FN:75,(anonymous_4)
FN:121,(anonymous_5)
FNF:6
FNH:6
FNDA:36,(anonymous_0)
FNDA:9,(anonymous_1)
FNDA:2,(anonymous_2)
FNDA:8,(anonymous_3)
FNDA:1,(anonymous_4)
FNDA:9,(anonymous_5)
DA:1,1
DA:4,1
DA:5,1
DA:7,1
DA:13,1
DA:14,36
DA:17,9
DA:18,1
DA:20,8
DA:24,2
DA:25,1
DA:27,1
DA:35,8
DA:43,8
DA:44,8
DA:45,0
DA:47,8
DA:49,8
DA:55,8
DA:57,8
DA:58,8
DA:59,8
DA:61,8
DA:80,1
DA:88,1
DA:89,1
DA:90,0
DA:92,1
DA:94,1
DA:98,1
DA:100,1
DA:101,1
DA:102,1
DA:104,1
DA:133,9
DA:134,9
DA:135,9
DA:136,9
DA:138,9
DA:139,9
DA:140,9
DA:145,6
DA:146,6
DA:148,6
DA:149,13
DA:151,13
DA:152,0
DA:153,0
DA:156,13
DA:157,12
DA:158,12
DA:159,0
DA:164,6
DA:165,6
DA:166,0
DA:169,0
DA:174,6
DA:175,6
DA:176,0
DA:177,0
DA:178,0
DA:182,0
DA:185,6
DA:186,6
DA:187,0
DA:189,6
LF:66
LH:54
BRDA:17,0,0,1
BRDA:24,1,0,1
BRDA:44,2,0,0
BRDA:51,3,0,8
BRDA:51,3,1,8
BRDA:55,4,0,1
BRDA:57,5,0,8
BRDA:57,5,1,7
BRDA:58,6,0,8
BRDA:58,6,1,7
BRDA:89,7,0,0
BRDA:96,8,0,1
BRDA:96,8,1,1
BRDA:98,9,0,0
BRDA:100,10,0,1
BRDA:100,10,1,1
BRDA:101,11,0,1
BRDA:101,11,1,1
BRDA:138,12,0,15
BRDA:138,12,1,9
BRDA:138,12,2,9
BRDA:138,12,3,9
BRDA:145,13,0,6
BRDA:145,13,1,0
BRDA:151,14,0,0
BRDA:156,15,0,12
BRDA:158,16,0,0
BRDA:158,17,0,12
BRDA:158,17,1,12
BRDA:165,18,0,0
BRDA:165,19,0,6
BRDA:165,19,1,0
BRDA:165,19,2,0
BRDA:175,20,0,0
BRDA:175,21,0,6
BRDA:175,21,1,1
BRDA:175,21,2,0
BRDA:177,22,0,0
BRDA:186,23,0,0
BRDA:186,24,0,6
BRDA:186,24,1,6
BRF:41
BRH:28
end_of_record
TN:
SF:src/pixiv/client/search/SearchFilters.ts
FN:14,(anonymous_0)
FN:75,(anonymous_1)
FN:96,(anonymous_2)
FN:111,(anonymous_3)
FN:120,(anonymous_4)
FNF:5
FNH:5
FNDA:25,(anonymous_0)
FNDA:14,(anonymous_1)
FNDA:16,(anonymous_2)
FNDA:7,(anonymous_3)
FNDA:13,(anonymous_4)
DA:2,2
DA:3,2
DA:9,2
DA:21,25
DA:24,25
DA:25,3
DA:26,1
DA:28,2
DA:29,2
DA:33,22
DA:36,22
DA:37,15
DA:38,3
DA:39,2
DA:40,2
DA:42,1
DA:43,1
DA:46,1
DA:49,7
DA:50,2
DA:51,2
DA:52,1
DA:53,1
DA:55,1
DA:56,1
DA:59,1
DA:62,5
DA:63,5
DA:64,1
DA:65,1
DA:69,16
DA:76,14
DA:77,1
DA:80,13
DA:81,11
DA:87,2
DA:97,16
DA:98,16
DA:99,1
DA:103,1
DA:105,15
DA:116,7
DA:117,1
DA:120,6
DA:121,13
DA:122,12
DA:123,12
LF:47
LH:47
BRDA:21,0,0,24
BRDA:21,0,1,1
BRDA:24,1,0,3
BRDA:24,2,0,25
BRDA:24,2,1,24
BRDA:25,3,0,1
BRDA:25,3,1,2
BRDA:25,4,0,3
BRDA:25,4,1,1
BRDA:36,5,0,15
BRDA:36,5,1,7
BRDA:37,6,0,3
BRDA:38,7,0,2
BRDA:38,8,0,3
BRDA:38,8,1,3
BRDA:42,9,0,1
BRDA:42,10,0,1
BRDA:42,10,1,1
BRDA:49,11,0,2
BRDA:49,11,1,5
BRDA:50,12,0,2
BRDA:51,13,0,1
BRDA:51,14,0,2
BRDA:51,14,1,2
BRDA:55,15,0,1
BRDA:55,16,0,1
BRDA:55,16,1,1
BRDA:62,17,0,5
BRDA:63,18,0,1
BRDA:69,19,0,16
BRDA:69,19,1,0
BRDA:69,19,2,0
BRDA:76,20,0,1
BRDA:80,21,0,11
BRDA:82,22,0,1
BRDA:82,22,1,10
BRDA:82,23,0,11
BRDA:82,23,1,2
BRDA:88,24,0,1
BRDA:88,24,1,1
BRDA:88,25,0,2
BRDA:88,25,1,1
BRDA:98,26,0,1
BRDA:98,27,0,16
BRDA:98,27,1,1
BRDA:98,27,2,0
BRDA:105,28,0,15
BRDA:105,28,1,0
BRDA:116,29,0,1
BRDA:116,30,0,7
BRDA:116,30,1,2
BRDA:121,31,0,1
BRDA:123,32,0,12
BRDA:123,32,1,12
BRDA:123,32,2,11
BRF:55
BRH:51
end_of_record
TN:
SF:src/puppeteer-login-adapter/auth-code.ts
FN:10,waitForAuthCode
FN:11,(anonymous_1)
FN:16,(anonymous_2)
FN:31,(anonymous_3)
FN:40,(anonymous_4)
FN:69,(anonymous_5)
FN:85,(anonymous_6)
FN:102,(anonymous_7)
FN:131,(anonymous_8)
FN:142,(anonymous_9)
FN:156,(anonymous_10)
FNF:11
FNH:0
FNDA:0,waitForAuthCode
FNDA:0,(anonymous_1)
FNDA:0,(anonymous_2)
FNDA:0,(anonymous_3)
FNDA:0,(anonymous_4)
FNDA:0,(anonymous_5)
FNDA:0,(anonymous_6)
FNDA:0,(anonymous_7)
FNDA:0,(anonymous_8)
FNDA:0,(anonymous_9)
FNDA:0,(anonymous_10)
DA:10,0
DA:11,0
DA:12,0
DA:13,0
DA:16,0
DA:17,0
DA:18,0
DA:19,0
DA:20,0
DA:21,0
DA:22,0
DA:23,0
DA:24,0
DA:31,0
DA:32,0
DA:33,0
DA:34,0
DA:35,0
DA:40,0
DA:41,0
DA:42,0
DA:43,0
DA:44,0
DA:45,0
DA:46,0
DA:51,0
DA:55,0
DA:56,0
DA:57,0
DA:58,0
DA:59,0
DA:60,0
DA:61,0
DA:62,0
DA:69,0
DA:70,0
DA:72,0
DA:73,0
DA:74,0
DA:75,0
DA:76,0
DA:77,0
DA:78,0
DA:85,0
DA:86,0
DA:88,0
DA:89,0
DA:90,0
DA:91,0
DA:92,0
DA:93,0
DA:94,0
DA:102,0
DA:103,0
DA:104,0
DA:105,0
DA:107,0
DA:110,0
DA:111,0
DA:112,0
DA:113,0
DA:114,0
DA:115,0
DA:116,0
DA:124,0
DA:125,0
DA:129,0
DA:130,0
DA:133,0
DA:135,0
DA:136,0
DA:138,0
DA:143,0
DA:144,0
DA:145,0
DA:146,0
DA:147,0
DA:148,0
DA:149,0
DA:150,0
LF:80
LH:0
BRDA:17,0,0,0
BRDA:22,1,0,0
BRDA:32,2,0,0
BRDA:44,3,0,0
BRDA:58,4,0,0
BRDA:70,5,0,0
BRDA:75,6,0,0
BRDA:86,7,0,0
BRDA:86,8,0,0
BRDA:86,8,1,0
BRDA:91,9,0,0
BRDA:103,10,0,0
BRDA:104,11,0,0
BRDA:113,12,0,0
BRDA:143,13,0,0
BRDA:147,14,0,0
BRF:16
BRH:0
end_of_record
TN:
SF:src/puppeteer-login-adapter/constants.ts
FNF:0
FNH:0
DA:8,0
DA:9,0
DA:10,0
DA:11,0
DA:12,0
DA:13,0
LF:6
LH:0
BRF:0
BRH:0
end_of_record
TN:
SF:src/puppeteer-login-adapter/environment.ts
FN:9,isElectronEnvironment
FN:18,checkPuppeteerAvailable
FN:30,(anonymous_11)
FNF:3
FNH:0
FNDA:0,isElectronEnvironment
FNDA:0,checkPuppeteerAvailable
FNDA:0,(anonymous_11)
DA:9,0
DA:10,0
DA:11,0
DA:18,0
DA:19,0
DA:21,0
DA:22,0
DA:23,0
DA:30,0
DA:33,0
DA:34,0
DA:35,0
DA:41,0
DA:44,0
DA:45,0
DA:48,0
DA:49,0
DA:51,0
DA:54,0
LF:19
LH:0
BRDA:21,0,0,0
BRDA:33,1,0,0
BRDA:33,2,0,0
BRDA:33,2,1,0
BRDA:44,3,0,0
BRDA:44,3,1,0
BRDA:48,4,0,0
BRDA:48,4,1,0
BRDA:48,5,0,0
BRDA:48,5,1,0
BRF:10
BRH:0
end_of_record
TN:
SF:src/puppeteer-login-adapter/login-headless.ts
FN:19,loginWithPuppeteerHeadless
FN:215,(anonymous_2)
FNF:2
FNH:0
FNDA:0,loginWithPuppeteerHeadless
FNDA:0,(anonymous_2)
DA:6,0
DA:8,0
DA:9,0
DA:10,0
DA:11,0
DA:12,0
DA:13,0
DA:19,0
DA:24,0
DA:26,0
DA:27,0
DA:30,0
DA:31,0
DA:33,0
DA:34,0
DA:38,0
DA:39,0
DA:42,0
DA:47,0
DA:50,0
DA:66,0
DA:67,0
DA:68,0
DA:69,0
DA:72,0
DA:75,0
DA:76,0
DA:78,0
DA:81,0
DA:82,0
DA:83,0
DA:84,0
DA:85,0
DA:94,0
DA:97,0
DA:100,0
DA:103,0
DA:108,0
DA:109,0
DA:110,0
DA:113,0
DA:114,0
DA:118,0
DA:119,0
DA:122,0
DA:125,0
DA:132,0
DA:133,0
DA:134,0
DA:135,0
DA:136,0
DA:137,0
DA:138,0
DA:139,0
DA:146,0
DA:147,0
DA:151,0
DA:158,0
DA:159,0
DA:160,0
DA:161,0
DA:162,0
DA:163,0
DA:164,0
DA:165,0
DA:172,0
DA:173,0
DA:177,0
DA:180,0
DA:188,0
DA:189,0
DA:190,0
DA:191,0
DA:192,0
DA:193,0
DA:194,0
DA:195,0
DA:196,0
DA:203,0
DA:205,0
DA:206,0
DA:210,0
DA:211,0
DA:213,0
DA:215,0
DA:217,0
DA:218,0
DA:221,0
DA:222,0
DA:224,0
DA:228,0
DA:229,0
DA:232,0
DA:234,0
DA:237,0
DA:238,0
DA:240,0
DA:242,0
DA:245,0
DA:246,0
DA:247,0
DA:254,0
DA:255,0
DA:257,0
DA:258,0
DA:259,0
DA:260,0
DA:261,0
DA:262,0
DA:263,0
DA:264,0
DA:265,0
DA:266,0
DA:269,0
LF:114
LH:0
BRDA:30,0,0,0
BRDA:30,1,0,0
BRDA:30,1,1,0
BRDA:33,2,0,0
BRDA:33,3,0,0
BRDA:33,3,1,0
BRDA:66,4,0,0
BRDA:66,5,0,0
BRDA:66,5,1,0
BRDA:78,6,0,0
BRDA:78,6,1,0
BRDA:81,7,0,0
BRDA:136,8,0,0
BRDA:146,9,0,0
BRDA:162,10,0,0
BRDA:172,11,0,0
BRDA:192,12,0,0
BRDA:203,13,0,0
BRDA:213,14,0,0
BRDA:218,15,0,0
BRDA:218,15,1,0
BRDA:221,16,0,0
BRDA:221,16,1,0
BRDA:245,17,0,0
BRDA:254,18,0,0
BRDA:254,18,1,0
BRDA:257,19,0,0
BRDA:257,19,1,0
BRDA:257,20,0,0
BRDA:257,20,1,0
BRDA:262,21,0,0
BRDA:262,22,0,0
BRDA:262,22,1,0
BRF:33
BRH:0
end_of_record
TN:
SF:src/puppeteer-login-adapter/login-interactive.ts
FN:19,loginWithPuppeteerInteractive
FNF:1
FNH:0
FNDA:0,loginWithPuppeteerInteractive
DA:6,0
DA:8,0
DA:9,0
DA:10,0
DA:11,0
DA:12,0
DA:13,0
DA:19,0
DA:20,0
DA:22,0
DA:23,0
DA:24,0
DA:25,0
DA:26,0
DA:29,0
DA:30,0
DA:33,0
DA:38,0
DA:41,0
DA:57,0
DA:58,0
DA:59,0
DA:60,0
DA:64,0
DA:65,0
DA:67,0
DA:70,0
DA:71,0
DA:72,0
DA:73,0
DA:74,0
DA:75,0
DA:85,0
DA:88,0
DA:91,0
DA:94,0
DA:99,0
DA:100,0
DA:101,0
DA:104,0
DA:105,0
DA:108,0
DA:109,0
DA:110,0
DA:111,0
DA:112,0
DA:115,0
DA:117,0
DA:119,0
DA:120,0
DA:123,0
DA:124,0
DA:125,0
DA:126,0
DA:127,0
DA:128,0
DA:129,0
DA:130,0
DA:131,0
DA:132,0
DA:138,0
DA:141,0
DA:142,0
DA:145,0
DA:147,0
DA:148,0
DA:151,0
DA:152,0
DA:153,0
DA:155,0
DA:158,0
DA:160,0
DA:163,0
DA:164,0
DA:165,0
DA:171,0
LF:76
LH:0
BRDA:57,0,0,0
BRDA:57,1,0,0
BRDA:57,1,1,0
BRDA:67,2,0,0
BRDA:67,2,1,0
BRDA:70,3,0,0
BRDA:117,4,0,0
BRDA:126,5,0,0
BRDA:163,6,0,0
BRF:9
BRH:0
end_of_record
TN:
SF:src/puppeteer-login-adapter/pkce.ts
FN:12,generateCodeVerifier
FN:25,generateCodeChallenge
FN:27,(anonymous_11)
FNF:3
FNH:0
FNDA:0,generateCodeVerifier
FNDA:0,generateCodeChallenge
FNDA:0,(anonymous_11)
DA:12,0
DA:13,0
DA:14,0
DA:15,0
DA:16,0
DA:18,0
DA:25,0
DA:27,0
DA:28,0
DA:30,0
LF:10
LH:0
BRF:0
BRH:0
end_of_record
TN:
SF:src/puppeteer-login-adapter/proxy.ts
FN:20,buildProxyUrl
FNF:1
FNH:0
FNDA:0,buildProxyUrl
DA:20,0
DA:21,0
DA:22,0
DA:23,0
DA:24,0
DA:26,0
DA:27,0
LF:7
LH:0
BRDA:23,0,0,0
BRDA:23,1,0,0
BRDA:23,1,1,0
BRF:3
BRH:0
end_of_record
TN:
SF:src/puppeteer-login-adapter/token-exchange.ts
FN:12,exchangeCodeForToken
FNF:1
FNH:0
FNDA:0,exchangeCodeForToken
DA:5,0
DA:7,0
DA:12,0
DA:13,0
DA:14,0
DA:36,0
DA:38,0
DA:48,0
DA:49,0
DA:51,0
LF:10
LH:0
BRDA:41,0,0,0
BRDA:41,0,1,0
BRDA:42,1,0,0
BRDA:42,1,1,0
BRDA:48,2,0,0
BRDA:48,3,0,0
BRDA:48,3,1,0
BRF:7
BRH:0
end_of_record
TN:
SF:src/python-login-adapter/login-scripts.ts
FN:12,generateInteractiveLoginScript
FN:123,generateHeadlessLoginScript
FNF:2
FNH:0
FNDA:0,generateInteractiveLoginScript
FNDA:0,generateHeadlessLoginScript
DA:12,0
DA:13,0
DA:123,0
DA:128,0
LF:4
LH:0
BRF:0
BRH:0
end_of_record
TN:
SF:src/python-login-adapter/proxy.ts
FN:22,buildProxyUrl
FN:35,buildProxyEnvVars
FNF:2
FNH:0
FNDA:0,buildProxyUrl
FNDA:0,buildProxyEnvVars
DA:22,0
DA:23,0
DA:24,0
DA:25,0
DA:26,0
DA:28,0
DA:29,0
DA:35,0
DA:36,0
DA:37,0
DA:40,0
DA:41,0
LF:12
LH:0
BRDA:25,0,0,0
BRDA:25,1,0,0
BRDA:25,1,1,0
BRDA:36,2,0,0
BRDA:36,3,0,0
BRDA:36,3,1,0
BRF:6
BRH:0
end_of_record
TN:
SF:src/python-login-adapter/python-environment.ts
FN:16,findPythonExecutable
FN:122,getPythonExecutable
FN:144,checkPythonGpptAvailable
FN:176,installGppt
FN:243,runCommand
FN:251,(anonymous_14)
FN:259,(anonymous_15)
FN:263,(anonymous_16)
FN:267,(anonymous_17)
FN:281,(anonymous_18)
FN:293,runPythonScript
FN:299,(anonymous_20)
FN:326,(anonymous_21)
FN:339,(anonymous_22)
FN:384,(anonymous_23)
FN:388,(anonymous_24)
FN:392,(anonymous_25)
FN:413,(anonymous_26)
FNF:18
FNH:0
FNDA:0,findPythonExecutable
FNDA:0,getPythonExecutable
FNDA:0,checkPythonGpptAvailable
FNDA:0,installGppt
FNDA:0,runCommand
FNDA:0,(anonymous_14)
FNDA:0,(anonymous_15)
FNDA:0,(anonymous_16)
FNDA:0,(anonymous_17)
FNDA:0,(anonymous_18)
FNDA:0,runPythonScript
FNDA:0,(anonymous_20)
FNDA:0,(anonymous_21)
FNDA:0,(anonymous_22)
FNDA:0,(anonymous_23)
FNDA:0,(anonymous_24)
FNDA:0,(anonymous_25)
FNDA:0,(anonymous_26)
DA:7,0
DA:8,0
DA:9,0
DA:10,0
DA:16,0
DA:18,0
DA:22,0
DA:24,0
DA:26,0
DA:32,0
DA:34,0
DA:35,0
DA:36,0
DA:44,0
DA:52,0
DA:53,0
DA:54,0
DA:55,0
DA:57,0
DA:58,0
DA:59,0
DA:68,0
DA:70,0
DA:72,0
DA:75,0
DA:76,0
DA:77,0
DA:78,0
DA:79,0
DA:80,0
DA:81,0
DA:91,0
DA:93,0
DA:94,0
DA:96,0
DA:99,0
DA:100,0
DA:101,0
DA:102,0
DA:103,0
DA:104,0
DA:114,0
DA:120,0
DA:122,0
DA:123,0
DA:124,0
DA:127,0
DA:128,0
DA:129,0
DA:137,0
DA:138,0
DA:144,0
DA:145,0
DA:147,0
DA:148,0
DA:149,0
DA:150,0
DA:154,0
DA:165,0
DA:166,0
DA:169,0
DA:176,0
DA:177,0
DA:178,0
DA:179,0
DA:182,0
DA:185,0
DA:186,0
DA:188,0
DA:189,0
DA:190,0
DA:191,0
DA:192,0
DA:193,0
DA:194,0
DA:195,0
DA:197,0
DA:203,0
DA:204,0
DA:205,0
DA:206,0
DA:207,0
DA:208,0
DA:210,0
DA:213,0
DA:217,0
DA:218,0
DA:219,0
DA:220,0
DA:221,0
DA:222,0
DA:226,0
DA:227,0
DA:228,0
DA:229,0
DA:231,0
DA:232,0
DA:235,0
DA:236,0
DA:251,0
DA:252,0
DA:256,0
DA:257,0
DA:259,0
DA:260,0
DA:263,0
DA:264,0
DA:267,0
DA:268,0
DA:269,0
DA:274,0
DA:281,0
DA:282,0
DA:299,0
DA:301,0
DA:305,0
DA:306,0
DA:308,0
DA:314,0
DA:317,0
DA:321,0
DA:322,0
DA:323,0
DA:326,0
DA:327,0
DA:328,0
DA:329,0
DA:330,0
DA:333,0
DA:336,0
DA:339,0
DA:340,0
DA:342,0
DA:349,0
DA:352,0
DA:354,0
DA:355,0
DA:367,0
DA:373,0
DA:375,0
DA:384,0
DA:385,0
DA:388,0
DA:389,0
DA:392,0
DA:393,0
DA:394,0
DA:395,0
DA:397,0
DA:398,0
DA:404,0
DA:413,0
DA:414,0
DA:415,0
DA:416,0
DA:417,0
DA:427,0
LF:157
LH:0
BRDA:24,0,0,0
BRDA:24,0,1,0
BRDA:32,1,0,0
BRDA:32,1,1,0
BRDA:34,2,0,0
BRDA:34,2,1,0
BRDA:35,3,0,0
BRDA:35,3,1,0
BRDA:55,4,0,0
BRDA:57,5,0,0
BRDA:57,5,1,0
BRDA:58,6,0,0
BRDA:70,7,0,0
BRDA:76,8,0,0
BRDA:78,9,0,0
BRDA:79,10,0,0
BRDA:79,10,1,0
BRDA:80,11,0,0
BRDA:93,12,0,0
BRDA:93,12,1,0
BRDA:103,13,0,0
BRDA:103,14,0,0
BRDA:103,14,1,0
BRDA:123,15,0,0
BRDA:128,16,0,0
BRDA:149,17,0,0
[...]
DA:18,0
DA:19,0
DA:20,0
DA:21,0
DA:22,0
DA:24,0
DA:25,0
DA:29,0
DA:32,0
DA:33,0
DA:47,0
DA:48,0
DA:52,0
DA:54,0
DA:55,0
DA:56,0
DA:58,0
DA:59,0
DA:60,0
DA:61,0
DA:62,0
DA:64,0
DA:65,0
DA:67,0
DA:68,0
DA:70,0
DA:74,0
DA:77,0
DA:84,0
DA:85,0
DA:88,0
DA:95,0
DA:96,0
DA:97,0
DA:99,0
DA:111,0
DA:112,0
DA:113,0
DA:114,0
DA:115,0
DA:116,0
DA:117,0
DA:120,0
DA:124,0
DA:125,0
DA:127,0
DA:130,0
DA:134,0
DA:137,0
DA:144,0
DA:145,0
DA:150,0
DA:160,0
DA:161,0
DA:162,0
DA:163,0
DA:164,0
DA:165,0
DA:168,0
DA:169,0
DA:170,0
DA:174,0
DA:178,0
DA:182,0
DA:183,0
DA:184,0
DA:188,0
DA:191,0
DA:193,0
DA:203,0
DA:204,0
DA:205,0
DA:206,0
DA:209,0
DA:210,0
DA:211,0
DA:212,0
DA:215,0
DA:216,0
DA:217,0
DA:219,0
DA:220,0
DA:221,0
DA:223,0
DA:224,0
DA:231,0
DA:232,0
DA:233,0
DA:246,0
DA:247,0
DA:248,0
DA:249,0
DA:250,0
DA:254,0
DA:255,0
DA:262,0
DA:264,0
DA:265,0
DA:267,0
DA:272,0
DA:278,0
DA:279,0
DA:280,0
DA:284,0
DA:290,0
DA:292,0
DA:295,0
DA:296,0
DA:297,0
DA:298,0
DA:305,0
DA:306,0
DA:309,0
DA:311,0
DA:315,0
DA:316,0
DA:318,0
DA:320,0
DA:321,0
DA:322,0
DA:323,0
DA:325,0
DA:327,0
DA:330,0
DA:333,0
DA:335,0
DA:337,0
DA:338,0
DA:339,0
DA:340,0
DA:342,0
DA:344,0
DA:345,0
DA:347,0
DA:348,0
DA:349,0
DA:350,0
DA:351,0
DA:355,0
DA:356,0
DA:357,0
DA:359,0
DA:360,0
DA:361,0
DA:366,0
DA:367,0
DA:368,0
DA:372,0
DA:375,0
DA:384,0
DA:385,0
DA:386,0
DA:391,0
DA:392,0
LF:161
LH:0
BRDA:20,0,0,0
BRDA:24,1,0,0
BRDA:47,2,0,0
BRDA:47,2,1,0
BRDA:52,3,0,0
BRDA:52,3,1,0
BRDA:52,3,2,0
BRDA:52,3,3,0
BRDA:52,3,4,0
BRDA:84,4,0,0
BRDA:111,5,0,0
BRDA:120,6,0,0
BRDA:120,6,1,0
BRDA:140,7,0,0
BRDA:140,7,1,0
BRDA:141,8,0,0
BRDA:141,8,1,0
BRDA:147,9,0,0
BRDA:147,9,1,0
BRDA:150,10,0,0
BRDA:163,11,0,0
BRDA:163,12,0,0
BRDA:163,13,0,0
BRDA:163,14,0,0
BRDA:168,15,0,0
BRDA:178,16,0,0
BRDA:178,16,1,0
BRDA:182,17,0,0
BRDA:191,18,0,0
BRDA:191,18,1,0
BRDA:199,19,0,0
BRDA:199,19,1,0
BRDA:203,20,0,0
BRDA:209,21,0,0
BRDA:223,22,0,0
BRDA:223,22,1,0
BRDA:226,23,0,0
BRDA:226,23,1,0
BRDA:231,24,0,0
BRDA:231,24,1,0
BRDA:247,25,0,0
BRDA:279,26,0,0
BRDA:295,27,0,0
BRDA:305,28,0,0
BRDA:309,29,0,0
BRDA:309,29,1,0
BRDA:316,30,0,0
BRDA:316,30,1,0
BRDA:318,31,0,0
BRDA:318,31,1,0
BRDA:327,32,0,0
BRDA:327,32,1,0
BRDA:330,33,0,0
BRDA:330,33,1,0
BRDA:335,34,0,0
BRDA:335,34,1,0
BRDA:335,35,0,0
BRDA:335,35,1,0
BRDA:344,36,0,0
BRDA:344,37,0,0
BRDA:344,37,1,0
BRDA:347,38,0,0
BRDA:348,39,0,0
BRDA:366,40,0,0
BRDA:379,41,0,0
BRDA:379,41,1,0
BRDA:384,42,0,0
BRF:67
BRH:0
end_of_record
TN:
SF:src/webui/routes/handlers/files-operations-handlers.ts
FN:16,previewFile
FN:116,(anonymous_1)
FN:130,(anonymous_2)
FN:163,deleteFile
FN:205,normalizeFiles
FNF:5
FNH:0
FNDA:0,previewFile
FNDA:0,(anonymous_1)
FNDA:0,(anonymous_2)
FNDA:0,deleteFile
FNDA:0,normalizeFiles
DA:2,0
DA:3,0
DA:4,0
DA:5,0
DA:6,0
DA:7,0
DA:8,0
DA:9,0
DA:16,0
DA:17,0
DA:18,0
DA:20,0
DA:21,0
DA:22,0
DA:25,0
DA:26,0
DA:29,0
DA:35,0
DA:36,0
DA:38,0
DA:41,0
DA:45,0
DA:46,0
DA:48,0
DA:56,0
DA:57,0
DA:61,0
DA:62,0
DA:65,0
DA:66,0
DA:67,0
DA:68,0
DA:71,0
DA:72,0
DA:73,0
DA:74,0
DA:78,0
DA:79,0
DA:80,0
DA:81,0
DA:82,0
DA:84,0
DA:86,0
DA:94,0
DA:95,0
DA:96,0
DA:98,0
DA:99,0
DA:100,0
DA:102,0
DA:103,0
DA:104,0
DA:105,0
DA:109,0
DA:110,0
DA:112,0
DA:113,0
DA:114,0
DA:116,0
DA:117,0
DA:118,0
DA:119,0
DA:120,0
DA:126,0
DA:127,0
DA:128,0
DA:130,0
DA:131,0
DA:132,0
DA:133,0
DA:134,0
DA:141,0
DA:147,0
DA:148,0
DA:152,0
DA:153,0
DA:154,0
DA:163,0
DA:164,0
DA:165,0
DA:166,0
DA:167,0
DA:168,0
DA:171,0
DA:175,0
DA:178,0
DA:179,0
DA:180,0
DA:183,0
DA:184,0
DA:185,0
DA:188,0
DA:190,0
DA:195,0
DA:196,0
DA:205,0
DA:206,0
DA:207,0
DA:214,0
DA:216,0
DA:217,0
DA:220,0
DA:221,0
DA:223,0
DA:224,0
DA:231,0
DA:239,0
DA:240,0
DA:242,0
DA:249,0
DA:250,0
DA:251,0
DA:256,0
DA:257,0
DA:258,0
LF:115
LH:0
BRDA:18,0,0,0
BRDA:20,1,0,0
BRDA:29,2,0,0
BRDA:29,2,1,0
BRDA:36,3,0,0
BRDA:36,3,1,0
BRDA:56,4,0,0
BRDA:65,5,0,0
BRDA:72,6,0,0
BRDA:84,7,0,0
BRDA:84,7,1,0
BRDA:94,8,0,0
BRDA:94,8,1,0
BRDA:95,9,0,0
BRDA:95,9,1,0
BRDA:110,10,0,0
BRDA:110,10,1,0
BRDA:114,11,0,0
BRDA:114,11,1,0
BRDA:117,12,0,0
BRDA:119,13,0,0
BRDA:131,14,0,0
BRDA:133,15,0,0
BRDA:147,16,0,0
BRDA:153,17,0,0
BRDA:166,18,0,0
BRDA:171,19,0,0
BRDA:171,19,1,0
BRDA:175,20,0,0
BRDA:175,20,1,0
BRDA:178,21,0,0
BRDA:183,22,0,0
BRDA:209,23,0,0
BRDA:210,24,0,0
BRDA:211,25,0,0
BRDA:212,26,0,0
BRDA:213,27,0,0
BRDA:249,28,0,0
BRDA:256,29,0,0
BRDA:256,29,1,0
BRF:40
BRH:0
end_of_record
TN:
SF:src/webui/routes/handlers/logs-handlers.ts
FN:12,getLogPath
FN:29,getLogs
FN:48,(anonymous_3)
FN:53,(anonymous_4)
FN:60,(anonymous_5)
FN:88,clearLogs
FNF:6
FNH:0
FNDA:0,getLogPath
FNDA:0,getLogs
FNDA:0,(anonymous_3)
FNDA:0,(anonymous_4)
FNDA:0,(anonymous_5)
FNDA:0,clearLogs
DA:2,0
DA:3,0
DA:4,0
DA:5,0
DA:6,0
DA:7,0
DA:13,0
DA:14,0
DA:17,0
DA:18,0
DA:19,0
DA:21,0
DA:29,0
DA:30,0
DA:31,0
DA:32,0
DA:34,0
DA:35,0
DA:43,0
DA:47,0
DA:48,0
DA:51,0
DA:52,0
DA:53,0
DA:54,0
DA:59,0
DA:60,0
DA:61,0
DA:66,0
DA:67,0
DA:68,0
DA:70,0
DA:79,0
DA:80,0
DA:88,0
DA:89,0
DA:90,0
DA:92,0
DA:94,0
DA:97,0
DA:102,0
DA:103,0
LF:42
LH:0
BRDA:17,0,0,0
BRDA:17,0,1,0
BRDA:17,1,0,0
BRDA:17,1,1,0
BRDA:31,2,0,0
BRDA:31,3,0,0
BRDA:34,4,0,0
BRDA:52,5,0,0
BRDA:59,6,0,0
BRDA:92,7,0,0
BRF:10
BRH:0
end_of_record
TN:
SF:src/webui/routes/handlers/stats-handlers.ts
FN:11,getOverviewStats
FN:45,getDownloadStats
FN:86,getTagStats
FN:121,getAuthorStats
FNF:4
FNH:0
FNDA:0,getOverviewStats
FNDA:0,getDownloadStats
FNDA:0,getTagStats
FNDA:0,getAuthorStats
DA:2,0
DA:3,0
DA:4,0
DA:5,0
DA:11,0
DA:12,0
DA:13,0
DA:14,0
DA:15,0
DA:16,0
DA:17,0
DA:19,0
DA:21,0
DA:22,0
DA:24,0
DA:28,0
DA:29,0
DA:30,0
DA:35,0
DA:36,0
DA:37,0
DA:45,0
DA:46,0
DA:47,0
DA:48,0
DA:49,0
DA:50,0
DA:51,0
DA:52,0
DA:55,0
DA:56,0
DA:58,0
DA:59,0
DA:61,0
DA:69,0
DA:70,0
DA:71,0
DA:76,0
DA:77,0
DA:78,0
DA:86,0
DA:87,0
DA:88,0
DA:89,0
DA:90,0
DA:91,0
DA:92,0
DA:93,0
DA:95,0
DA:97,0
DA:98,0
DA:100,0
DA:104,0
DA:105,0
DA:106,0
DA:111,0
DA:112,0
DA:113,0
DA:121,0
DA:122,0
DA:123,0
DA:124,0
DA:125,0
DA:126,0
DA:127,0
DA:128,0
DA:130,0
DA:132,0
DA:133,0
DA:135,0
DA:139,0
DA:140,0
DA:141,0
DA:146,0
DA:147,0
DA:148,0
LF:76
LH:0
BRDA:28,0,0,0
BRDA:35,1,0,0
BRDA:35,1,1,0
BRDA:48,2,0,0
BRDA:55,3,0,0
BRDA:55,3,1,0
BRDA:55,4,0,0
BRDA:55,4,1,0
BRDA:55,5,0,0
BRDA:55,5,1,0
BRDA:69,6,0,0
BRDA:76,7,0,0
BRDA:76,7,1,0
BRDA:89,8,0,0
BRDA:104,9,0,0
BRDA:111,10,0,0
BRDA:111,10,1,0
BRDA:124,11,0,0
BRDA:139,12,0,0
BRDA:146,13,0,0
BRDA:146,13,1,0
BRF:21
BRH:0
end_of_record
TN:
SF:src/webui/routes/handlers/auth/auth-login-handler.ts
FN:21,login
FN:139,loginWithToken
FNF:2
FNH:0
FNDA:0,login
FNDA:0,loginWithToken
DA:2,0
DA:3,0
DA:4,0
DA:5,0
DA:6,0
DA:21,0
DA:22,0
DA:23,0
DA:27,0
DA:28,0
DA:31,0
DA:35,0
DA:36,0
DA:37,0
DA:38,0
DA:39,0
DA:40,0
DA:41,0
DA:46,0
DA:50,0
DA:54,0
DA:55,0
DA:59,0
DA:60,0
DA:61,0
DA:64,0
DA:72,0
DA:73,0
DA:80,0
DA:81,0
DA:84,0
DA:87,0
DA:88,0
DA:89,0
DA:95,0
DA:99,0
DA:102,0
DA:104,0
DA:105,0
DA:106,0
DA:107,0
DA:109,0
DA:114,0
DA:115,0
DA:126,0
DA:127,0
DA:139,0
DA:140,0
DA:141,0
DA:143,0
DA:144,0
DA:148,0
DA:151,0
DA:152,0
DA:156,0
DA:157,0
DA:158,0
DA:160,0
DA:161,0
DA:165,0
DA:169,0
DA:170,0
DA:171,0
DA:172,0
DA:174,0
DA:179,0
DA:180,0
DA:191,0
DA:192,0
LF:69
LH:0
BRDA:23,0,0,0
BRDA:27,1,0,0
BRDA:27,2,0,0
BRDA:27,2,1,0
BRDA:27,2,2,0
BRDA:36,3,0,0
BRDA:40,4,0,0
BRDA:59,5,0,0
BRDA:59,6,0,0
BRDA:59,6,1,0
BRDA:66,7,0,0
BRDA:66,7,1,0
BRDA:67,8,0,0
BRDA:67,8,1,0
BRDA:75,9,0,0
BRDA:75,9,1,0
BRDA:76,10,0,0
BRDA:76,10,1,0
BRDA:80,11,0,0
BRDA:84,12,0,0
BRDA:84,12,1,0
BRDA:87,13,0,0
BRDA:87,14,0,0
BRDA:87,14,1,0
BRDA:129,15,0,0
BRDA:129,15,1,0
BRDA:143,16,0,0
BRDA:143,17,0,0
BRDA:143,17,1,0
BRDA:143,17,2,0
BRDA:163,18,0,0
BRDA:163,18,1,0
BRDA:194,19,0,0
BRDA:194,19,1,0
BRF:34
BRH:0
end_of_record
TN:
SF:src/webui/routes/handlers/auth/auth-logout-handler.ts
FN:11,logout
FNF:1
FNH:0
FNDA:0,logout
DA:2,0
DA:3,0
DA:4,0
DA:5,0
DA:11,0
DA:12,0
DA:13,0
DA:16,0
DA:18,0
DA:19,0
DA:21,0
DA:22,0
LF:12
LH:0
BRDA:24,0,0,0
BRDA:24,0,1,0
BRF:2
BRH:0
end_of_record
TN:
SF:src/webui/routes/handlers/auth/auth-status-handler.ts
FN:14,getAuthStatus
FNF:1
FNH:0
FNDA:0,getAuthStatus
DA:2,0
DA:3,0
DA:4,0
DA:5,0
DA:6,0
DA:7,0
DA:14,0
DA:15,0
DA:16,0
DA:17,0
DA:19,0
DA:20,0
DA:23,0
DA:24,0
DA:25,0
DA:27,0
DA:28,0
DA:29,0
DA:30,0
DA:31,0
DA:33,0
DA:34,0
DA:38,0
DA:40,0
DA:50,0
DA:51,0
DA:55,0
DA:56,0
DA:59,0
DA:60,0
DA:63,0
DA:64,0
DA:65,0
DA:66,0
DA:70,0
DA:73,0
DA:74,0
DA:75,0
DA:77,0
DA:78,0
DA:79,0
DA:80,0
DA:81,0
DA:83,0
DA:84,0
DA:88,0
DA:96,0
DA:108,0
DA:110,0
DA:111,0
LF:50
LH:0
BRDA:20,0,0,0
BRDA:20,0,1,0
BRDA:27,1,0,0
BRDA:27,2,0,0
BRDA:27,2,1,0
BRDA:33,3,0,0
BRDA:50,4,0,0
BRDA:60,5,0,0
BRDA:65,6,0,0
BRDA:77,7,0,0
BRDA:77,8,0,0
BRDA:77,8,1,0
BRDA:83,9,0,0
BRF:13
BRH:0
end_of_record
TN:
SF:src/webui/routes/handlers/auth/auth-token-handler.ts
FN:14,refreshToken
FNF:1
FNH:0
FNDA:0,refreshToken
DA:2,0
DA:3,0
DA:4,0
DA:5,0
DA:6,0
DA:7,0
DA:8,0
DA:14,0
DA:15,0
DA:16,0
DA:18,0
DA:20,0
DA:22,0
DA:24,0
DA:25,0
DA:28,0
DA:29,0
DA:30,0
DA:31,0
DA:34,0
DA:35,0
DA:36,0
DA:41,0
DA:42,0
DA:46,0
DA:48,0
DA:49,0
DA:50,0
DA:51,0
DA:53,0
DA:57,0
DA:63,0
DA:64,0
DA:68,0
DA:71,0
DA:74,0
DA:75,0
DA:76,0
DA:77,0
DA:78,0
DA:80,0
DA:85,0
DA:93,0
DA:96,0
DA:97,0
DA:100,0
DA:101,0
DA:102,0
DA:103,0
DA:104,0
DA:105,0
DA:106,0
DA:107,0
DA:111,0
LF:54
LH:0
BRDA:20,0,0,0
BRDA:30,1,0,0
BRDA:30,1,1,0
BRDA:30,2,0,0
BRDA:30,2,1,0
BRDA:35,3,0,0
BRDA:41,4,0,0
BRDA:46,5,0,0
BRDA:46,6,0,0
BRDA:46,6,1,0
BRDA:50,7,0,0
BRDA:50,7,1,0
BRDA:63,8,0,0
BRDA:74,9,0,0
BRDA:74,10,0,0
BRDA:74,10,1,0
BRDA:96,11,0,0
BRDA:96,11,1,0
BRDA:100,12,0,0
BRDA:101,13,0,0
BRDA:101,13,1,0
BRDA:101,14,0,0
BRDA:101,14,1,0
BRDA:103,15,0,0
BRDA:103,15,1,0
BRDA:103,16,0,0
BRDA:103,16,1,0
BRDA:105,17,0,0
BRDA:105,18,0,0
BRDA:105,18,1,0
BRF:30
BRH:0
end_of_record
TN:
SF:src/webui/routes/handlers/auth/auth-utils.ts
FN:11,readConfigRaw
FN:30,getRefreshToken
FN:68,validateToken
FN:94,getValidationErrors
FNF:4
FNH:0
FNDA:0,readConfigRaw
FNDA:0,getRefreshToken
FNDA:0,validateToken
FNDA:0,getValidationErrors
DA:1,0
DA:2,0
DA:3,0
DA:5,0
DA:6,0
DA:11,0
DA:12,0
DA:13,0
DA:14,0
DA:16,0
DA:17,0
DA:19,0
DA:23,0
DA:30,0
DA:31,0
DA:33,0
DA:34,0
DA:35,0
DA:37,0
DA:38,0
DA:42,0
DA:46,0
DA:47,0
DA:49,0
DA:51,0
DA:52,0
DA:53,0
DA:54,0
DA:58,0
DA:59,0
DA:62,0
DA:68,0
DA:73,0
DA:74,0
DA:75,0
DA:81,0
DA:84,0
DA:94,0
DA:99,0
DA:103,0
DA:107,0
LF:41
LH:0
BRDA:13,0,0,0
BRDA:20,1,0,0
BRDA:20,1,1,0
BRDA:37,2,0,0
BRDA:37,3,0,0
BRDA:37,3,1,0
BRDA:49,4,0,0
BRDA:53,5,0,0
BRDA:58,6,0,0
BRDA:58,7,0,0
BRDA:58,7,1,0
BRDA:82,8,0,0
BRDA:82,8,1,0
BRDA:99,9,0,0
BRDA:99,9,1,0
BRDA:103,10,0,0
BRDA:103,10,1,0
BRF:17
BRH:0
end_of_record
TN:
SF:src/webui/server/server-middleware.ts
FN:9,setupMiddleware
FN:25,(anonymous_2)
FN:37,errorHandler
FNF:3
FNH:0
FNDA:0,setupMiddleware
FNDA:0,(anonymous_2)
FNDA:0,errorHandler
DA:1,0
DA:2,0
DA:3,0
DA:9,0
DA:11,0
DA:12,0
DA:15,0
DA:16,0
DA:25,0
DA:26,0
DA:30,0
DA:37,0
DA:43,0
DA:50,0
LF:14
LH:0
BRDA:15,0,0,0
BRDA:18,1,0,0
BRDA:18,1,1,0
BRDA:52,2,0,0
BRDA:52,2,1,0
BRF:5
BRH:0
end_of_record
TN:
SF:src/webui/server/server-routes.ts
FN:14,setupRoutes
FN:16,(anonymous_2)
FNF:2
FNH:0
FNDA:0,setupRoutes
FNDA:0,(anonymous_2)
DA:4,0
DA:5,0
DA:6,0
DA:7,0
DA:8,0
DA:9,0
DA:14,0
DA:16,0
DA:17,0
DA:21,0
DA:22,0
DA:23,0
DA:24,0
DA:25,0
DA:26,0
LF:15
LH:0
BRF:0
BRH:0
end_of_record
TN:
SF:src/webui/server/server-static.ts
FN:9,setupStaticFiles
FN:12,(anonymous_2)
FN:55,(anonymous_3)
FN:57,(anonymous_4)
FN:75,(anonymous_5)
FN:86,(anonymous_6)
FNF:6
FNH:0
FNDA:0,setupStaticFiles
FNDA:0,(anonymous_2)
FNDA:0,(anonymous_3)
FNDA:0,(anonymous_4)
FNDA:0,(anonymous_5)
FNDA:0,(anonymous_6)
DA:1,0
DA:2,0
DA:3,0
DA:4,0
DA:9,0
DA:10,0
DA:12,0
DA:13,0
DA:28,0
DA:31,0
DA:32,0
DA:35,0
DA:36,0
DA:37,0
DA:38,0
DA:43,0
DA:47,0
DA:55,0
DA:56,0
DA:57,0
DA:58,0
DA:59,0
DA:63,0
DA:67,0
DA:70,0
DA:75,0
DA:77,0
DA:78,0
DA:81,0
DA:82,0
DA:85,0
DA:86,0
DA:87,0
DA:88,0
DA:93,0
DA:97,0
LF:36
LH:0
BRDA:10,0,0,0
BRDA:35,1,0,0
BRDA:35,1,1,0
BRDA:37,2,0,0
BRDA:37,2,1,0
BRDA:56,3,0,0
BRDA:56,3,1,0
BRDA:58,4,0,0
BRDA:77,5,0,0
BRDA:81,6,0,0
BRDA:85,7,0,0
BRDA:85,7,1,0
BRDA:87,8,0,0
BRF:13
BRH:0
end_of_record
TN:
SF:src/webui/server/server-utils.ts
FN:6,findAvailablePort
FN:15,(anonymous_1)
FN:18,(anonymous_2)
FN:19,(anonymous_3)
FN:25,(anonymous_4)
FN:34,(anonymous_5)
FN:54,logServerStart
FN:66,logServerError
FNF:8
FNH:0
FNDA:0,findAvailablePort
FNDA:0,(anonymous_1)
FNDA:0,(anonymous_2)
FNDA:0,(anonymous_3)
FNDA:0,(anonymous_4)
FNDA:0,(anonymous_5)
FNDA:0,logServerStart
FNDA:0,logServerError
DA:1,0
DA:6,0
DA:11,0
DA:13,0
DA:14,0
DA:15,0
DA:16,0
DA:18,0
DA:19,0
DA:20,0
DA:22,0
DA:25,0
DA:26,0
DA:27,0
DA:29,0
DA:34,0
DA:35,0
DA:36,0
DA:37,0
DA:41,0
DA:42,0
DA:46,0
DA:54,0
DA:55,0
DA:56,0
DA:58,0
DA:59,0
DA:60,0
DA:66,0
DA:67,0
DA:68,0
LF:31
LH:0
BRDA:9,0,0,0
BRDA:26,1,0,0
BRDA:26,1,1,0
BRDA:41,2,0,0
BRF:4
BRH:0
end_of_record
TN:
SF:src/webui/server/server.ts
FN:28,(anonymous_1)
FN:32,(anonymous_2)
FN:66,(anonymous_3)
FN:67,(anonymous_4)
FN:71,(anonymous_5)
FN:76,(anonymous_6)
FN:105,(anonymous_7)
FN:110,(anonymous_8)
FN:131,(anonymous_9)
FN:132,(anonymous_10)
FN:133,(anonymous_11)
FN:134,(anonymous_12)
FN:142,(anonymous_13)
FN:146,(anonymous_14)
FN:154,startWebUI
FN:192,(anonymous_16)
FNF:16
FNH:0
FNDA:0,(anonymous_1)
FNDA:0,(anonymous_2)
FNDA:0,(anonymous_3)
FNDA:0,(anonymous_4)
FNDA:0,(anonymous_5)
FNDA:0,(anonymous_6)
FNDA:0,(anonymous_7)
FNDA:0,(anonymous_8)
FNDA:0,(anonymous_9)
FNDA:0,(anonymous_10)
FNDA:0,(anonymous_11)
FNDA:0,(anonymous_12)
FNDA:0,(anonymous_13)
FNDA:0,(anonymous_14)
FNDA:0,startWebUI
FNDA:0,(anonymous_16)
DA:1,0
DA:2,0
DA:3,0
DA:4,0
DA:5,0
DA:6,0
DA:7,0
DA:10,0
DA:13,0
DA:14,0
DA:15,0
DA:16,0
DA:21,0
DA:29,0
DA:33,0
DA:34,0
DA:37,0
DA:40,0
DA:43,0
DA:46,0
DA:49,0
DA:52,0
DA:55,0
DA:63,0
DA:67,0
DA:68,0
DA:71,0
DA:72,0
DA:73,0
DA:76,0
DA:77,0
DA:78,0
DA:81,0
DA:85,0
DA:87,0
DA:88,0
DA:91,0
DA:92,0
DA:95,0
DA:96,0
DA:102,0
DA:105,0
DA:106,0
DA:107,0
DA:110,0
DA:111,0
DA:114,0
DA:115,0
DA:118,0
DA:119,0
DA:120,0
DA:121,0
DA:124,0
DA:125,0
DA:132,0
DA:133,0
DA:134,0
DA:135,0
DA:136,0
DA:143,0
DA:147,0
DA:154,0
DA:158,0
DA:159,0
DA:160,0
DA:164,0
DA:168,0
DA:169,0
DA:171,0
DA:173,0
DA:174,0
DA:175,0
DA:176,0
DA:177,0
DA:178,0
DA:181,0
DA:188,0
DA:189,0
DA:192,0
DA:193,0
DA:194,0
DA:195,0
DA:198,0
DA:199,0
DA:201,0
LF:85
LH:0
BRDA:32,0,0,0
BRDA:33,1,0,0
BRDA:33,1,1,0
BRDA:34,2,0,0
BRDA:34,2,1,0
BRDA:57,3,0,0
BRDA:57,3,1,0
BRDA:77,4,0,0
BRDA:77,4,1,0
BRDA:164,5,0,0
BRDA:164,5,1,0
BRDA:165,6,0,0
BRDA:165,6,1,0
BRDA:174,7,0,0
BRDA:182,8,0,0
BRDA:182,8,1,0
BRF:16
BRH:0
end_of_record
TN:
SF:src/webui/services/DownloadTaskManager.ts
FN:48,(anonymous_0)
FN:95,(anonymous_1)
FN:133,(anonymous_2)
FN:169,(anonymous_3)
FN:177,(anonymous_4)
FN:206,(anonymous_5)
FN:213,(anonymous_6)
FN:215,(anonymous_7)
FN:222,(anonymous_8)
FN:232,(anonymous_9)
FN:239,(anonymous_10)
FN:249,(anonymous_11)
FN:250,(anonymous_12)
FN:272,(anonymous_13)
FN:315,(anonymous_14)
FN:326,(anonymous_15)
FNF:16
FNH:0
FNDA:0,(anonymous_0)
FNDA:0,(anonymous_1)
FNDA:0,(anonymous_2)
FNDA:0,(anonymous_3)
FNDA:0,(anonymous_4)
FNDA:0,(anonymous_5)
FNDA:0,(anonymous_6)
FNDA:0,(anonymous_7)
FNDA:0,(anonymous_8)
FNDA:0,(anonymous_9)
FNDA:0,(anonymous_10)
FNDA:0,(anonymous_11)
FNDA:0,(anonymous_12)
FNDA:0,(anonymous_13)
FNDA:0,(anonymous_14)
FNDA:0,(anonymous_15)
DA:1,0
DA:2,0
DA:3,0
DA:4,0
DA:5,0
DA:6,0
DA:7,0
DA:30,0
DA:31,0
DA:32,0
DA:39,0
DA:55,0
DA:56,0
DA:62,0
DA:64,0
DA:65,0
DA:68,0
DA:69,0
DA:70,0
DA:71,0
DA:76,0
DA:81,0
DA:84,0
DA:85,0
DA:89,0
DA:90,0
DA:94,0
DA:95,0
DA:96,0
DA:98,0
DA:99,0
DA:103,0
DA:104,0
DA:107,0
DA:108,0
DA:109,0
DA:110,0
DA:111,0
DA:114,0
DA:115,0
DA:117,0
DA:119,0
DA:120,0
DA:127,0
DA:128,0
DA:131,0
DA:133,0
DA:134,0
DA:135,0
DA:136,0
DA:137,0
DA:139,0
DA:140,0
DA:141,0
DA:142,0
DA:144,0
DA:145,0
DA:146,0
DA:147,0
DA:148,0
DA:149,0
DA:150,0
DA:152,0
DA:153,0
DA:155,0
DA:156,0
DA:160,0
DA:169,0
DA:178,0
DA:179,0
DA:180,0
DA:183,0
DA:184,0
DA:187,0
DA:189,0
DA:192,0
DA:194,0
DA:195,0
DA:196,0
DA:197,0
DA:199,0
DA:207,0
DA:214,0
DA:215,0
DA:223,0
DA:224,0
DA:226,0
DA:233,0
DA:240,0
DA:241,0
DA:242,0
DA:250,0
DA:251,0
DA:254,0
DA:255,0
DA:259,0
DA:261,0
DA:262,0
DA:264,0
DA:273,0
DA:274,0
DA:279,0
DA:282,0
DA:283,0
DA:286,0
DA:289,0
DA:290,0
DA:291,0
DA:295,0
DA:296,0
DA:298,0
DA:299,0
DA:301,0
DA:302,0
DA:304,0
DA:305,0
DA:307,0
DA:308,0
DA:316,0
DA:317,0
DA:318,0
DA:320,0
DA:327,0
DA:328,0
DA:329,0
DA:330,0
DA:336,0
LF:127
LH:0
BRDA:55,0,0,0
BRDA:62,1,0,0
BRDA:62,1,1,0
BRDA:62,2,0,0
BRDA:62,2,1,0
BRDA:65,3,0,0
BRDA:65,3,1,0
BRDA:70,4,0,0
BRDA:70,5,0,0
BRDA:70,5,1,0
BRDA:89,6,0,0
BRDA:94,7,0,0
BRDA:94,8,0,0
BRDA:94,8,1,0
BRDA:96,9,0,0
BRDA:96,9,1,0
BRDA:98,10,0,0
BRDA:107,11,0,0
BRDA:107,11,1,0
BRDA:107,12,0,0
BRDA:107,12,1,0
BRDA:145,13,0,0
BRDA:145,13,1,0
BRDA:149,14,0,0
BRDA:149,15,0,0
BRDA:149,15,1,0
BRDA:179,16,0,0
BRDA:183,17,0,0
BRDA:187,18,0,0
BRDA:187,19,0,0
BRDA:187,19,1,0
BRDA:207,20,0,0
BRDA:207,20,1,0
BRDA:223,21,0,0
BRDA:226,22,0,0
BRDA:226,22,1,0
BRDA:241,23,0,0
BRDA:254,24,0,0
BRDA:254,24,1,0
BRDA:255,25,0,0
BRDA:255,25,1,0
BRDA:261,26,0,0
BRDA:261,26,1,0
BRDA:273,27,0,0
BRDA:273,27,1,0
BRDA:282,28,0,0
BRDA:290,29,0,0
BRDA:296,30,0,0
BRDA:296,30,1,0
BRDA:296,30,2,0
BRDA:296,30,3,0
BRDA:316,31,0,0
BRDA:316,31,1,0
BRDA:317,32,0,0
BRDA:329,33,0,0
BRF:55
BRH:0
end_of_record
TN:
SF:src/webui/utils/config-validator.ts
FN:17,isPlaceholderToken
FN:32,validateConfig
FN:52,(anonymous_2)
FNF:3
FNH:0
FNDA:0,isPlaceholderToken
FNDA:0,validateConfig
FNDA:0,(anonymous_2)
DA:18,0
DA:19,0
DA:21,0
DA:22,0
DA:32,0
DA:33,0
DA:36,0
DA:37,0
DA:39,0
DA:40,0
DA:43,0
DA:44,0
DA:49,0
DA:50,0
DA:52,0
DA:53,0
DA:54,0
DA:56,0
DA:57,0
DA:59,0
DA:60,0
DA:66,0
DA:67,0
DA:69,0
DA:70,0
DA:75,0
DA:76,0
DA:77,0
DA:80,0
DA:81,0
DA:82,0
DA:87,0
LF:32
LH:0
BRDA:18,0,0,0
BRDA:18,1,0,0
BRDA:18,1,1,0
BRDA:22,2,0,0
BRDA:22,2,1,0
BRDA:22,2,2,0
BRDA:22,2,3,0
BRDA:22,2,4,0
BRDA:36,3,0,0
BRDA:36,3,1,0
BRDA:39,4,0,0
BRDA:43,5,0,0
BRDA:43,6,0,0
BRDA:43,6,1,0
BRDA:49,7,0,0
BRDA:49,7,1,0
BRDA:49,8,0,0
BRDA:49,8,1,0
BRDA:53,9,0,0
BRDA:56,10,0,0
BRDA:56,11,0,0
BRDA:56,11,1,0
BRDA:59,12,0,0
BRDA:59,13,0,0
BRDA:59,13,1,0
BRDA:66,14,0,0
BRDA:66,14,1,0
BRDA:69,15,0,0
BRDA:75,16,0,0
BRDA:76,17,0,0
BRDA:76,17,1,0
BRDA:81,18,0,0
BRF:32
BRH:0
end_of_record
TN:
SF:src/webui/utils/error-codes.ts
FN:5,(anonymous_0)
FN:98,(anonymous_1)
FNF:2
FNH:0
FNDA:0,(anonymous_0)
FNDA:0,(anonymous_1)
DA:5,0
DA:7,0
DA:8,0
DA:9,0
DA:10,0
DA:11,0
DA:12,0
DA:13,0
DA:14,0
DA:15,0
DA:16,0
DA:18,0
DA:19,0
DA:20,0
DA:21,0
DA:22,0
DA:23,0
DA:24,0
DA:25,0
DA:26,0
DA:27,0
DA:28,0
DA:31,0
DA:32,0
DA:33,0
DA:34,0
DA:35,0
DA:36,0
DA:37,0
DA:38,0
DA:39,0
DA:40,0
DA:41,0
DA:42,0
DA:43,0
DA:44,0
DA:45,0
DA:46,0
DA:47,0
DA:48,0
DA:49,0
DA:50,0
DA:51,0
DA:52,0
DA:53,0
DA:54,0
DA:55,0
DA:56,0
DA:57,0
DA:58,0
DA:61,0
DA:62,0
DA:63,0
DA:64,0
DA:65,0
DA:66,0
DA:67,0
DA:68,0
DA:69,0
DA:70,0
DA:73,0
DA:74,0
DA:75,0
DA:76,0
DA:77,0
DA:78,0
DA:79,0
DA:80,0
DA:81,0
DA:84,0
DA:85,0
DA:86,0
DA:87,0
DA:90,0
DA:91,0
DA:92,0
DA:98,0
LF:77
LH:0
BRDA:5,0,0,0
BRDA:5,0,1,0
BRDA:98,1,0,0
BRDA:98,1,1,0
BRF:4
BRH:0
end_of_record
TN:
SF:src/webui/websocket/LogStream.ts
FN:13,setupLogStream
FN:35,(anonymous_2)
FN:53,(anonymous_3)
FN:67,(anonymous_4)
FN:76,sendRecentLogs
FN:85,(anonymous_6)
FN:92,(anonymous_7)
FN:103,readNewLogs
FN:115,(anonymous_9)
FNF:9
FNH:0
FNDA:0,setupLogStream
FNDA:0,(anonymous_2)
FNDA:0,(anonymous_3)
FNDA:0,(anonymous_4)
FNDA:0,sendRecentLogs
FNDA:0,(anonymous_6)
FNDA:0,(anonymous_7)
FNDA:0,readNewLogs
FNDA:0,(anonymous_9)
DA:2,0
DA:3,0
DA:4,0
DA:5,0
DA:6,0
DA:13,0
DA:16,0
DA:17,0
DA:19,0
DA:20,0
DA:21,0
DA:22,0
DA:23,0
DA:24,0
DA:26,0
DA:30,0
DA:33,0
DA:35,0
DA:36,0
DA:39,0
DA:40,0
DA:44,0
DA:45,0
DA:47,0
DA:49,0
DA:50,0
DA:53,0
DA:54,0
DA:55,0
DA:56,0
DA:58,0
DA:59,0
DA:62,0
DA:67,0
DA:68,0
DA:69,0
DA:70,0
DA:77,0
DA:78,0
DA:79,0
DA:84,0
DA:85,0
DA:86,0
DA:87,0
DA:88,0
DA:92,0
DA:93,0
DA:99,0
DA:104,0
DA:105,0
DA:110,0
DA:115,0
DA:116,0
DA:122,0
LF:54
LH:0
BRDA:13,0,0,0
BRDA:16,1,0,0
BRDA:16,1,1,0
BRDA:22,2,0,0
BRDA:22,2,1,0
BRDA:22,3,0,0
BRDA:22,3,1,0
BRDA:33,4,0,0
BRDA:33,4,1,0
BRDA:39,5,0,0
BRDA:47,6,0,0
BRDA:56,7,0,0
BRDA:69,8,0,0
BRDA:87,9,0,0
BRF:14
BRH:0
end_of_record
